{"C:\\Users\\VInicius Souza\\www\\BitsBytes-WebService\\src\\config\\jest\\prisma_mock.ts": {"path":"C:\\Users\\VInicius Souza\\www\\BitsBytes-WebService\\src\\config\\jest\\prisma_mock.ts","all":false,"statementMap":{"0":{"start":{"line":1,"column":0},"end":{"line":1,"column":45}},"1":{"start":{"line":2,"column":0},"end":{"line":2,"column":71}},"2":{"start":{"line":3,"column":0},"end":{"line":3,"column":42}},"3":{"start":{"line":4,"column":0},"end":{"line":4,"column":0}},"4":{"start":{"line":5,"column":0},"end":{"line":5,"column":43}},"5":{"start":{"line":6,"column":0},"end":{"line":6,"column":19}},"6":{"start":{"line":7,"column":0},"end":{"line":7,"column":36}},"7":{"start":{"line":8,"column":0},"end":{"line":8,"column":3}},"8":{"start":{"line":9,"column":0},"end":{"line":9,"column":0}},"9":{"start":{"line":10,"column":0},"end":{"line":10,"column":18}},"10":{"start":{"line":11,"column":0},"end":{"line":11,"column":23}},"11":{"start":{"line":12,"column":0},"end":{"line":12,"column":2}},"12":{"start":{"line":13,"column":0},"end":{"line":13,"column":0}},"13":{"start":{"line":14,"column":0},"end":{"line":14,"column":74}}},"s":{"0":1,"1":1,"2":1,"3":1,"4":1,"5":1,"6":1,"7":1,"8":1,"9":1,"10":9,"11":9,"12":1,"13":1},"branchMap":{"0":{"type":"branch","line":5,"loc":{"start":{"line":5,"column":35},"end":{"line":8,"column":2}},"locations":[{"start":{"line":5,"column":35},"end":{"line":8,"column":2}}]},"1":{"type":"branch","line":10,"loc":{"start":{"line":10,"column":11},"end":{"line":12,"column":2}},"locations":[{"start":{"line":10,"column":11},"end":{"line":12,"column":2}}]}},"b":{"0":[1],"1":[9]},"fnMap":{},"f":{}}
,"C:\\Users\\VInicius Souza\\www\\BitsBytes-WebService\\src\\database\\client.ts": {"path":"C:\\Users\\VInicius Souza\\www\\BitsBytes-WebService\\src\\database\\client.ts","all":false,"statementMap":{"0":{"start":{"line":1,"column":0},"end":{"line":1,"column":46}},"1":{"start":{"line":2,"column":0},"end":{"line":2,"column":0}},"2":{"start":{"line":3,"column":0},"end":{"line":3,"column":33}},"3":{"start":{"line":4,"column":0},"end":{"line":4,"column":0}},"4":{"start":{"line":5,"column":0},"end":{"line":5,"column":21}}},"s":{"0":1,"1":1,"2":1,"3":1,"4":1},"branchMap":{},"b":{},"fnMap":{},"f":{}}
,"C:\\Users\\VInicius Souza\\www\\BitsBytes-WebService\\src\\http\\server.ts": {"path":"C:\\Users\\VInicius Souza\\www\\BitsBytes-WebService\\src\\http\\server.ts","all":false,"statementMap":{"0":{"start":{"line":1,"column":0},"end":{"line":1,"column":23}},"1":{"start":{"line":2,"column":0},"end":{"line":2,"column":30}},"2":{"start":{"line":3,"column":0},"end":{"line":3,"column":44}},"3":{"start":{"line":4,"column":0},"end":{"line":4,"column":23}},"4":{"start":{"line":5,"column":0},"end":{"line":5,"column":0}},"5":{"start":{"line":6,"column":0},"end":{"line":6,"column":21}},"6":{"start":{"line":7,"column":0},"end":{"line":7,"column":0}},"7":{"start":{"line":8,"column":0},"end":{"line":8,"column":15}},"8":{"start":{"line":9,"column":0},"end":{"line":9,"column":23}},"9":{"start":{"line":10,"column":0},"end":{"line":10,"column":0}},"10":{"start":{"line":11,"column":0},"end":{"line":11,"column":33}},"11":{"start":{"line":12,"column":0},"end":{"line":12,"column":4}},"12":{"start":{"line":13,"column":0},"end":{"line":13,"column":12}}},"s":{"0":1,"1":1,"2":1,"3":1,"4":1,"5":1,"6":1,"7":1,"8":1,"9":1,"10":1,"11":1,"12":1},"branchMap":{},"b":{},"fnMap":{},"f":{}}
,"C:\\Users\\VInicius Souza\\www\\BitsBytes-WebService\\src\\http\\controllers\\v1\\role-controller\\index.ts": {"path":"C:\\Users\\VInicius Souza\\www\\BitsBytes-WebService\\src\\http\\controllers\\v1\\role-controller\\index.ts","all":false,"statementMap":{"0":{"start":{"line":1,"column":0},"end":{"line":1,"column":44}},"1":{"start":{"line":2,"column":0},"end":{"line":2,"column":61}},"2":{"start":{"line":3,"column":0},"end":{"line":3,"column":82}},"3":{"start":{"line":4,"column":0},"end":{"line":4,"column":91}},"4":{"start":{"line":5,"column":0},"end":{"line":5,"column":90}},"5":{"start":{"line":6,"column":0},"end":{"line":6,"column":91}},"6":{"start":{"line":7,"column":0},"end":{"line":7,"column":92}},"7":{"start":{"line":8,"column":0},"end":{"line":8,"column":72}},"8":{"start":{"line":9,"column":0},"end":{"line":9,"column":100}},"9":{"start":{"line":10,"column":0},"end":{"line":10,"column":100}},"10":{"start":{"line":11,"column":0},"end":{"line":11,"column":0}},"11":{"start":{"line":12,"column":0},"end":{"line":12,"column":29}},"12":{"start":{"line":13,"column":0},"end":{"line":13,"column":53}},"13":{"start":{"line":14,"column":0},"end":{"line":14,"column":93}},"14":{"start":{"line":15,"column":0},"end":{"line":15,"column":59}},"15":{"start":{"line":16,"column":0},"end":{"line":16,"column":55}},"16":{"start":{"line":17,"column":0},"end":{"line":17,"column":0}},"17":{"start":{"line":18,"column":0},"end":{"line":18,"column":21}},"18":{"start":{"line":19,"column":0},"end":{"line":19,"column":76}},"19":{"start":{"line":20,"column":0},"end":{"line":20,"column":0}},"20":{"start":{"line":21,"column":0},"end":{"line":21,"column":39}},"21":{"start":{"line":22,"column":0},"end":{"line":22,"column":85}},"22":{"start":{"line":23,"column":0},"end":{"line":23,"column":9}},"23":{"start":{"line":24,"column":0},"end":{"line":24,"column":0}},"24":{"start":{"line":25,"column":0},"end":{"line":25,"column":20}},"25":{"start":{"line":26,"column":0},"end":{"line":26,"column":62}},"26":{"start":{"line":27,"column":0},"end":{"line":27,"column":54}},"27":{"start":{"line":28,"column":0},"end":{"line":28,"column":0}},"28":{"start":{"line":29,"column":0},"end":{"line":29,"column":39}},"29":{"start":{"line":30,"column":0},"end":{"line":30,"column":120}},"30":{"start":{"line":31,"column":0},"end":{"line":31,"column":9}},"31":{"start":{"line":32,"column":0},"end":{"line":32,"column":0}},"32":{"start":{"line":33,"column":0},"end":{"line":33,"column":33}},"33":{"start":{"line":34,"column":0},"end":{"line":34,"column":67}},"34":{"start":{"line":35,"column":0},"end":{"line":35,"column":0}},"35":{"start":{"line":36,"column":0},"end":{"line":36,"column":33}},"36":{"start":{"line":37,"column":0},"end":{"line":37,"column":102}},"37":{"start":{"line":38,"column":0},"end":{"line":38,"column":0}},"38":{"start":{"line":39,"column":0},"end":{"line":39,"column":59}},"39":{"start":{"line":40,"column":0},"end":{"line":40,"column":76}},"40":{"start":{"line":41,"column":0},"end":{"line":41,"column":0}},"41":{"start":{"line":42,"column":0},"end":{"line":42,"column":89}},"42":{"start":{"line":43,"column":0},"end":{"line":43,"column":0}},"43":{"start":{"line":44,"column":0},"end":{"line":44,"column":57}},"44":{"start":{"line":45,"column":0},"end":{"line":45,"column":34}},"45":{"start":{"line":46,"column":0},"end":{"line":46,"column":9}},"46":{"start":{"line":47,"column":0},"end":{"line":47,"column":0}},"47":{"start":{"line":48,"column":0},"end":{"line":48,"column":30}},"48":{"start":{"line":49,"column":0},"end":{"line":49,"column":97}},"49":{"start":{"line":50,"column":0},"end":{"line":50,"column":9}},"50":{"start":{"line":51,"column":0},"end":{"line":51,"column":0}},"51":{"start":{"line":52,"column":0},"end":{"line":52,"column":67}},"52":{"start":{"line":53,"column":0},"end":{"line":53,"column":5}},"53":{"start":{"line":54,"column":0},"end":{"line":54,"column":0}},"54":{"start":{"line":55,"column":0},"end":{"line":55,"column":54}},"55":{"start":{"line":56,"column":0},"end":{"line":56,"column":95}},"56":{"start":{"line":57,"column":0},"end":{"line":57,"column":38}},"57":{"start":{"line":58,"column":0},"end":{"line":58,"column":0}},"58":{"start":{"line":59,"column":0},"end":{"line":59,"column":60}},"59":{"start":{"line":60,"column":0},"end":{"line":60,"column":78}},"60":{"start":{"line":61,"column":0},"end":{"line":61,"column":0}},"61":{"start":{"line":62,"column":0},"end":{"line":62,"column":75}},"62":{"start":{"line":63,"column":0},"end":{"line":63,"column":0}},"63":{"start":{"line":64,"column":0},"end":{"line":64,"column":20}},"64":{"start":{"line":65,"column":0},"end":{"line":65,"column":53}},"65":{"start":{"line":66,"column":0},"end":{"line":66,"column":42}},"66":{"start":{"line":67,"column":0},"end":{"line":67,"column":62}},"67":{"start":{"line":68,"column":0},"end":{"line":68,"column":20}},"68":{"start":{"line":69,"column":0},"end":{"line":69,"column":34}},"69":{"start":{"line":70,"column":0},"end":{"line":70,"column":42}},"70":{"start":{"line":71,"column":0},"end":{"line":71,"column":54}},"71":{"start":{"line":72,"column":0},"end":{"line":72,"column":13}},"72":{"start":{"line":73,"column":0},"end":{"line":73,"column":0}},"73":{"start":{"line":74,"column":0},"end":{"line":74,"column":71}},"74":{"start":{"line":75,"column":0},"end":{"line":75,"column":9}},"75":{"start":{"line":76,"column":0},"end":{"line":76,"column":0}},"76":{"start":{"line":77,"column":0},"end":{"line":77,"column":37}},"77":{"start":{"line":78,"column":0},"end":{"line":78,"column":0}},"78":{"start":{"line":79,"column":0},"end":{"line":79,"column":67}},"79":{"start":{"line":80,"column":0},"end":{"line":80,"column":5}},"80":{"start":{"line":81,"column":0},"end":{"line":81,"column":0}},"81":{"start":{"line":82,"column":0},"end":{"line":82,"column":53}},"82":{"start":{"line":83,"column":0},"end":{"line":83,"column":51}},"83":{"start":{"line":84,"column":0},"end":{"line":84,"column":24}},"84":{"start":{"line":85,"column":0},"end":{"line":85,"column":47}},"85":{"start":{"line":86,"column":0},"end":{"line":86,"column":9}},"86":{"start":{"line":87,"column":0},"end":{"line":87,"column":0}},"87":{"start":{"line":88,"column":0},"end":{"line":88,"column":45}},"88":{"start":{"line":89,"column":0},"end":{"line":89,"column":0}},"89":{"start":{"line":90,"column":0},"end":{"line":90,"column":60}},"90":{"start":{"line":91,"column":0},"end":{"line":91,"column":74}},"91":{"start":{"line":92,"column":0},"end":{"line":92,"column":0}},"92":{"start":{"line":93,"column":0},"end":{"line":93,"column":79}},"93":{"start":{"line":94,"column":0},"end":{"line":94,"column":0}},"94":{"start":{"line":95,"column":0},"end":{"line":95,"column":22}},"95":{"start":{"line":96,"column":0},"end":{"line":96,"column":71}},"96":{"start":{"line":97,"column":0},"end":{"line":97,"column":0}},"97":{"start":{"line":98,"column":0},"end":{"line":98,"column":20}},"98":{"start":{"line":99,"column":0},"end":{"line":99,"column":27}},"99":{"start":{"line":100,"column":0},"end":{"line":100,"column":9}},"100":{"start":{"line":101,"column":0},"end":{"line":101,"column":5}},"101":{"start":{"line":102,"column":0},"end":{"line":102,"column":0}},"102":{"start":{"line":103,"column":0},"end":{"line":103,"column":57}},"103":{"start":{"line":104,"column":0},"end":{"line":104,"column":38}},"104":{"start":{"line":105,"column":0},"end":{"line":105,"column":0}},"105":{"start":{"line":106,"column":0},"end":{"line":106,"column":51}},"106":{"start":{"line":107,"column":0},"end":{"line":107,"column":24}},"107":{"start":{"line":108,"column":0},"end":{"line":108,"column":51}},"108":{"start":{"line":109,"column":0},"end":{"line":109,"column":9}},"109":{"start":{"line":110,"column":0},"end":{"line":110,"column":0}},"110":{"start":{"line":111,"column":0},"end":{"line":111,"column":60}},"111":{"start":{"line":112,"column":0},"end":{"line":112,"column":84}},"112":{"start":{"line":113,"column":0},"end":{"line":113,"column":0}},"113":{"start":{"line":114,"column":0},"end":{"line":114,"column":93}},"114":{"start":{"line":115,"column":0},"end":{"line":115,"column":0}},"115":{"start":{"line":116,"column":0},"end":{"line":116,"column":22}},"116":{"start":{"line":117,"column":0},"end":{"line":117,"column":71}},"117":{"start":{"line":118,"column":0},"end":{"line":118,"column":0}},"118":{"start":{"line":119,"column":0},"end":{"line":119,"column":20}},"119":{"start":{"line":120,"column":0},"end":{"line":120,"column":53}},"120":{"start":{"line":121,"column":0},"end":{"line":121,"column":42}},"121":{"start":{"line":122,"column":0},"end":{"line":122,"column":62}},"122":{"start":{"line":123,"column":0},"end":{"line":123,"column":20}},"123":{"start":{"line":124,"column":0},"end":{"line":124,"column":42}},"124":{"start":{"line":125,"column":0},"end":{"line":125,"column":63}},"125":{"start":{"line":126,"column":0},"end":{"line":126,"column":54}},"126":{"start":{"line":127,"column":0},"end":{"line":127,"column":13}},"127":{"start":{"line":128,"column":0},"end":{"line":128,"column":9}},"128":{"start":{"line":129,"column":0},"end":{"line":129,"column":0}},"129":{"start":{"line":130,"column":0},"end":{"line":130,"column":67}},"130":{"start":{"line":131,"column":0},"end":{"line":131,"column":5}},"131":{"start":{"line":132,"column":0},"end":{"line":132,"column":0}},"132":{"start":{"line":133,"column":0},"end":{"line":133,"column":57}},"133":{"start":{"line":134,"column":0},"end":{"line":134,"column":38}},"134":{"start":{"line":135,"column":0},"end":{"line":135,"column":8}},"135":{"start":{"line":136,"column":0},"end":{"line":136,"column":51}},"136":{"start":{"line":137,"column":0},"end":{"line":137,"column":24}},"137":{"start":{"line":138,"column":0},"end":{"line":138,"column":48}},"138":{"start":{"line":139,"column":0},"end":{"line":139,"column":9}},"139":{"start":{"line":140,"column":0},"end":{"line":140,"column":0}},"140":{"start":{"line":141,"column":0},"end":{"line":141,"column":60}},"141":{"start":{"line":142,"column":0},"end":{"line":142,"column":84}},"142":{"start":{"line":143,"column":0},"end":{"line":143,"column":0}},"143":{"start":{"line":144,"column":0},"end":{"line":144,"column":83}},"144":{"start":{"line":145,"column":0},"end":{"line":145,"column":0}},"145":{"start":{"line":146,"column":0},"end":{"line":146,"column":22}},"146":{"start":{"line":147,"column":0},"end":{"line":147,"column":71}},"147":{"start":{"line":148,"column":0},"end":{"line":148,"column":8}},"148":{"start":{"line":149,"column":0},"end":{"line":149,"column":19}},"149":{"start":{"line":150,"column":0},"end":{"line":150,"column":38}},"150":{"start":{"line":151,"column":0},"end":{"line":151,"column":9}},"151":{"start":{"line":152,"column":0},"end":{"line":152,"column":0}},"152":{"start":{"line":153,"column":0},"end":{"line":153,"column":67}},"153":{"start":{"line":154,"column":0},"end":{"line":154,"column":5}},"154":{"start":{"line":155,"column":0},"end":{"line":155,"column":1}}},"s":{"0":1,"1":1,"2":1,"3":1,"4":1,"5":1,"6":1,"7":1,"8":1,"9":1,"10":1,"11":1,"12":1,"13":1,"14":1,"15":1,"16":1,"17":1,"18":0,"19":0,"20":0,"21":0,"22":0,"23":1,"24":1,"25":0,"26":0,"27":0,"28":0,"29":0,"30":0,"31":1,"32":1,"33":1,"34":1,"35":1,"36":1,"37":1,"38":1,"39":1,"40":1,"41":1,"42":1,"43":1,"44":0,"45":0,"46":1,"47":1,"48":1,"49":1,"50":1,"51":1,"52":1,"53":1,"54":1,"55":0,"56":0,"57":0,"58":0,"59":0,"60":0,"61":0,"62":0,"63":0,"64":0,"65":0,"66":0,"67":0,"68":0,"69":0,"70":0,"71":0,"72":0,"73":0,"74":0,"75":0,"76":0,"77":0,"78":0,"79":0,"80":1,"81":1,"82":0,"83":0,"84":0,"85":0,"86":0,"87":0,"88":0,"89":0,"90":0,"91":0,"92":0,"93":0,"94":0,"95":0,"96":0,"97":0,"98":0,"99":0,"100":0,"101":1,"102":1,"103":0,"104":0,"105":0,"106":0,"107":0,"108":0,"109":0,"110":0,"111":0,"112":0,"113":0,"114":0,"115":0,"116":0,"117":0,"118":0,"119":0,"120":0,"121":0,"122":0,"123":0,"124":0,"125":0,"126":0,"127":0,"128":0,"129":0,"130":0,"131":1,"132":1,"133":0,"134":0,"135":0,"136":0,"137":0,"138":0,"139":0,"140":0,"141":0,"142":0,"143":0,"144":0,"145":0,"146":0,"147":0,"148":0,"149":0,"150":0,"151":0,"152":0,"153":0,"154":1},"branchMap":{"0":{"type":"branch","line":12,"loc":{"start":{"line":12,"column":27},"end":{"line":155,"column":1}},"locations":[{"start":{"line":12,"column":27},"end":{"line":155,"column":1}}]},"1":{"type":"branch","line":13,"loc":{"start":{"line":13,"column":13},"end":{"line":53,"column":5}},"locations":[{"start":{"line":13,"column":13},"end":{"line":53,"column":5}}]},"2":{"type":"branch","line":18,"loc":{"start":{"line":18,"column":20},"end":{"line":23,"column":9}},"locations":[{"start":{"line":18,"column":20},"end":{"line":23,"column":9}}]},"3":{"type":"branch","line":25,"loc":{"start":{"line":25,"column":19},"end":{"line":31,"column":9}},"locations":[{"start":{"line":25,"column":19},"end":{"line":31,"column":9}}]},"4":{"type":"branch","line":34,"loc":{"start":{"line":34,"column":12},"end":{"line":34,"column":67}},"locations":[{"start":{"line":34,"column":12},"end":{"line":34,"column":67}}]},"5":{"type":"branch","line":37,"loc":{"start":{"line":37,"column":12},"end":{"line":37,"column":102}},"locations":[{"start":{"line":37,"column":12},"end":{"line":37,"column":102}}]},"6":{"type":"branch","line":44,"loc":{"start":{"line":44,"column":19},"end":{"line":46,"column":9}},"locations":[{"start":{"line":44,"column":19},"end":{"line":46,"column":9}}]}},"b":{"0":[1],"1":[1],"2":[0],"3":[0],"4":[0],"5":[0],"6":[0]},"fnMap":{"0":{"name":"<instance_members_initializer>","decl":{"start":{"line":12,"column":27},"end":{"line":155,"column":1}},"loc":{"start":{"line":12,"column":27},"end":{"line":155,"column":1}},"line":12},"1":{"name":"getAll","decl":{"start":{"line":13,"column":13},"end":{"line":53,"column":5}},"loc":{"start":{"line":13,"column":13},"end":{"line":53,"column":5}},"line":13},"2":{"name":"getById","decl":{"start":{"line":55,"column":14},"end":{"line":80,"column":5}},"loc":{"start":{"line":55,"column":14},"end":{"line":80,"column":5}},"line":55},"3":{"name":"create","decl":{"start":{"line":82,"column":13},"end":{"line":101,"column":5}},"loc":{"start":{"line":82,"column":13},"end":{"line":101,"column":5}},"line":82},"4":{"name":"updateById","decl":{"start":{"line":103,"column":17},"end":{"line":131,"column":5}},"loc":{"start":{"line":103,"column":17},"end":{"line":131,"column":5}},"line":103},"5":{"name":"deleteById","decl":{"start":{"line":133,"column":17},"end":{"line":154,"column":5}},"loc":{"start":{"line":133,"column":17},"end":{"line":154,"column":5}},"line":133}},"f":{"0":1,"1":1,"2":0,"3":0,"4":0,"5":0}}
,"C:\\Users\\VInicius Souza\\www\\BitsBytes-WebService\\src\\http\\esceptions\\role-exceptions.ts": {"path":"C:\\Users\\VInicius Souza\\www\\BitsBytes-WebService\\src\\http\\esceptions\\role-exceptions.ts","all":false,"statementMap":{"0":{"start":{"line":1,"column":0},"end":{"line":1,"column":67}},"1":{"start":{"line":2,"column":0},"end":{"line":2,"column":31}},"2":{"start":{"line":3,"column":0},"end":{"line":3,"column":27}},"3":{"start":{"line":4,"column":0},"end":{"line":4,"column":33}},"4":{"start":{"line":5,"column":0},"end":{"line":5,"column":0}},"5":{"start":{"line":6,"column":0},"end":{"line":6,"column":46}},"6":{"start":{"line":7,"column":0},"end":{"line":7,"column":19}},"7":{"start":{"line":8,"column":0},"end":{"line":8,"column":15}},"8":{"start":{"line":9,"column":0},"end":{"line":9,"column":39}},"9":{"start":{"line":10,"column":0},"end":{"line":10,"column":5}},"10":{"start":{"line":11,"column":0},"end":{"line":11,"column":1}},"11":{"start":{"line":12,"column":0},"end":{"line":12,"column":0}},"12":{"start":{"line":13,"column":0},"end":{"line":13,"column":48}},"13":{"start":{"line":14,"column":0},"end":{"line":14,"column":81}},"14":{"start":{"line":15,"column":0},"end":{"line":15,"column":15}},"15":{"start":{"line":16,"column":0},"end":{"line":16,"column":30}},"16":{"start":{"line":17,"column":0},"end":{"line":17,"column":26}},"17":{"start":{"line":18,"column":0},"end":{"line":18,"column":41}},"18":{"start":{"line":19,"column":0},"end":{"line":19,"column":5}},"19":{"start":{"line":20,"column":0},"end":{"line":20,"column":1}},"20":{"start":{"line":21,"column":0},"end":{"line":21,"column":0}},"21":{"start":{"line":22,"column":0},"end":{"line":22,"column":58}},"22":{"start":{"line":23,"column":0},"end":{"line":23,"column":19}},"23":{"start":{"line":24,"column":0},"end":{"line":24,"column":15}},"24":{"start":{"line":25,"column":0},"end":{"line":25,"column":51}},"25":{"start":{"line":26,"column":0},"end":{"line":26,"column":5}},"26":{"start":{"line":27,"column":0},"end":{"line":27,"column":1}}},"s":{"0":1,"1":1,"2":1,"3":1,"4":1,"5":1,"6":1,"7":5,"8":5,"9":5,"10":1,"11":1,"12":1,"13":1,"14":3,"15":3,"16":3,"17":3,"18":3,"19":1,"20":1,"21":1,"22":1,"23":3,"24":3,"25":3,"26":1},"branchMap":{"0":{"type":"branch","line":7,"loc":{"start":{"line":7,"column":4},"end":{"line":10,"column":5}},"locations":[{"start":{"line":7,"column":4},"end":{"line":10,"column":5}}]},"1":{"type":"branch","line":14,"loc":{"start":{"line":14,"column":4},"end":{"line":19,"column":5}},"locations":[{"start":{"line":14,"column":4},"end":{"line":19,"column":5}}]},"2":{"type":"branch","line":23,"loc":{"start":{"line":23,"column":4},"end":{"line":26,"column":5}},"locations":[{"start":{"line":23,"column":4},"end":{"line":26,"column":5}}]}},"b":{"0":[5],"1":[3],"2":[3]},"fnMap":{"0":{"name":"RoleNotFoundError","decl":{"start":{"line":7,"column":4},"end":{"line":10,"column":5}},"loc":{"start":{"line":7,"column":4},"end":{"line":10,"column":5}},"line":7},"1":{"name":"RoleValidationError","decl":{"start":{"line":14,"column":4},"end":{"line":19,"column":5}},"loc":{"start":{"line":14,"column":4},"end":{"line":19,"column":5}},"line":14},"2":{"name":"RoleNameAlreadyBeingUsedError","decl":{"start":{"line":23,"column":4},"end":{"line":26,"column":5}},"loc":{"start":{"line":23,"column":4},"end":{"line":26,"column":5}},"line":23}},"f":{"0":5,"1":3,"2":3}}
,"C:\\Users\\VInicius Souza\\www\\BitsBytes-WebService\\src\\http\\routes\\api\\v1\\index.ts": {"path":"C:\\Users\\VInicius Souza\\www\\BitsBytes-WebService\\src\\http\\routes\\api\\v1\\index.ts","all":false,"statementMap":{"0":{"start":{"line":1,"column":0},"end":{"line":1,"column":33}},"1":{"start":{"line":2,"column":0},"end":{"line":2,"column":40}},"2":{"start":{"line":3,"column":0},"end":{"line":3,"column":0}},"3":{"start":{"line":4,"column":0},"end":{"line":4,"column":30}},"4":{"start":{"line":5,"column":0},"end":{"line":5,"column":0}},"5":{"start":{"line":6,"column":0},"end":{"line":6,"column":30}},"6":{"start":{"line":7,"column":0},"end":{"line":7,"column":0}},"7":{"start":{"line":8,"column":0},"end":{"line":8,"column":28}}},"s":{"0":1,"1":1,"2":1,"3":1,"4":1,"5":1,"6":1,"7":1},"branchMap":{},"b":{},"fnMap":{},"f":{}}
,"C:\\Users\\VInicius Souza\\www\\BitsBytes-WebService\\src\\http\\routes\\api\\v1\\role_routes.ts": {"path":"C:\\Users\\VInicius Souza\\www\\BitsBytes-WebService\\src\\http\\routes\\api\\v1\\role_routes.ts","all":false,"statementMap":{"0":{"start":{"line":1,"column":0},"end":{"line":1,"column":33}},"1":{"start":{"line":2,"column":0},"end":{"line":2,"column":73}},"2":{"start":{"line":3,"column":0},"end":{"line":3,"column":0}},"3":{"start":{"line":4,"column":0},"end":{"line":4,"column":28}},"4":{"start":{"line":5,"column":0},"end":{"line":5,"column":44}},"5":{"start":{"line":6,"column":0},"end":{"line":6,"column":0}},"6":{"start":{"line":7,"column":0},"end":{"line":7,"column":11}},"7":{"start":{"line":8,"column":0},"end":{"line":8,"column":43}},"8":{"start":{"line":9,"column":0},"end":{"line":9,"column":42}},"9":{"start":{"line":10,"column":0},"end":{"line":10,"column":52}},"10":{"start":{"line":11,"column":0},"end":{"line":11,"column":55}},"11":{"start":{"line":12,"column":0},"end":{"line":12,"column":58}},"12":{"start":{"line":13,"column":0},"end":{"line":13,"column":0}},"13":{"start":{"line":14,"column":0},"end":{"line":14,"column":26}}},"s":{"0":1,"1":1,"2":1,"3":1,"4":1,"5":1,"6":1,"7":1,"8":1,"9":1,"10":1,"11":1,"12":1,"13":1},"branchMap":{},"b":{},"fnMap":{},"f":{}}
,"C:\\Users\\VInicius Souza\\www\\BitsBytes-WebService\\src\\http\\schemas\\index.ts": {"path":"C:\\Users\\VInicius Souza\\www\\BitsBytes-WebService\\src\\http\\schemas\\index.ts","all":false,"statementMap":{"0":{"start":{"line":1,"column":0},"end":{"line":1,"column":20}},"1":{"start":{"line":2,"column":0},"end":{"line":2,"column":0}},"2":{"start":{"line":3,"column":0},"end":{"line":3,"column":39}},"3":{"start":{"line":4,"column":0},"end":{"line":4,"column":19}},"4":{"start":{"line":5,"column":0},"end":{"line":5,"column":54}},"5":{"start":{"line":6,"column":0},"end":{"line":6,"column":59}},"6":{"start":{"line":7,"column":0},"end":{"line":7,"column":6}},"7":{"start":{"line":8,"column":0},"end":{"line":8,"column":4}},"8":{"start":{"line":9,"column":0},"end":{"line":9,"column":13}},"9":{"start":{"line":10,"column":0},"end":{"line":10,"column":41}},"10":{"start":{"line":11,"column":0},"end":{"line":11,"column":44}},"11":{"start":{"line":12,"column":0},"end":{"line":12,"column":6}},"12":{"start":{"line":13,"column":0},"end":{"line":13,"column":4}},"13":{"start":{"line":14,"column":0},"end":{"line":14,"column":13}},"14":{"start":{"line":15,"column":0},"end":{"line":15,"column":60}},"15":{"start":{"line":16,"column":0},"end":{"line":16,"column":37}},"16":{"start":{"line":17,"column":0},"end":{"line":17,"column":56}},"17":{"start":{"line":18,"column":0},"end":{"line":18,"column":6}},"18":{"start":{"line":19,"column":0},"end":{"line":19,"column":0}},"19":{"start":{"line":20,"column":0},"end":{"line":20,"column":44}},"20":{"start":{"line":21,"column":0},"end":{"line":21,"column":1}},"21":{"start":{"line":22,"column":0},"end":{"line":22,"column":0}},"22":{"start":{"line":23,"column":0},"end":{"line":23,"column":0}},"23":{"start":{"line":24,"column":0},"end":{"line":24,"column":28}},"24":{"start":{"line":25,"column":0},"end":{"line":25,"column":13}},"25":{"start":{"line":26,"column":0},"end":{"line":26,"column":71}},"26":{"start":{"line":27,"column":0},"end":{"line":27,"column":61}},"27":{"start":{"line":28,"column":0},"end":{"line":28,"column":6}},"28":{"start":{"line":29,"column":0},"end":{"line":29,"column":45}},"29":{"start":{"line":30,"column":0},"end":{"line":30,"column":0}},"30":{"start":{"line":31,"column":0},"end":{"line":31,"column":0}},"31":{"start":{"line":32,"column":0},"end":{"line":32,"column":30}},"32":{"start":{"line":33,"column":0},"end":{"line":33,"column":14}},"33":{"start":{"line":34,"column":0},"end":{"line":34,"column":72}},"34":{"start":{"line":35,"column":0},"end":{"line":35,"column":61}},"35":{"start":{"line":36,"column":0},"end":{"line":36,"column":6}},"36":{"start":{"line":37,"column":0},"end":{"line":37,"column":0}},"37":{"start":{"line":38,"column":0},"end":{"line":38,"column":0}},"38":{"start":{"line":39,"column":0},"end":{"line":39,"column":28}},"39":{"start":{"line":40,"column":0},"end":{"line":40,"column":13}},"40":{"start":{"line":41,"column":0},"end":{"line":41,"column":71}},"41":{"start":{"line":42,"column":0},"end":{"line":42,"column":61}},"42":{"start":{"line":43,"column":0},"end":{"line":43,"column":6}},"43":{"start":{"line":44,"column":0},"end":{"line":44,"column":48}},"44":{"start":{"line":45,"column":0},"end":{"line":45,"column":0}},"45":{"start":{"line":46,"column":0},"end":{"line":46,"column":0}},"46":{"start":{"line":47,"column":0},"end":{"line":47,"column":35}},"47":{"start":{"line":48,"column":0},"end":{"line":48,"column":13}},"48":{"start":{"line":49,"column":0},"end":{"line":49,"column":71}},"49":{"start":{"line":50,"column":0},"end":{"line":50,"column":61}},"50":{"start":{"line":51,"column":0},"end":{"line":51,"column":6}},"51":{"start":{"line":52,"column":0},"end":{"line":52,"column":48}},"52":{"start":{"line":53,"column":0},"end":{"line":53,"column":0}},"53":{"start":{"line":54,"column":0},"end":{"line":54,"column":0}},"54":{"start":{"line":55,"column":0},"end":{"line":55,"column":29}},"55":{"start":{"line":56,"column":0},"end":{"line":56,"column":13}},"56":{"start":{"line":57,"column":0},"end":{"line":57,"column":71}},"57":{"start":{"line":58,"column":0},"end":{"line":58,"column":61}},"58":{"start":{"line":59,"column":0},"end":{"line":59,"column":6}},"59":{"start":{"line":60,"column":0},"end":{"line":60,"column":48}},"60":{"start":{"line":61,"column":0},"end":{"line":61,"column":51}},"61":{"start":{"line":62,"column":0},"end":{"line":62,"column":0}},"62":{"start":{"line":63,"column":0},"end":{"line":63,"column":0}},"63":{"start":{"line":64,"column":0},"end":{"line":64,"column":32}},"64":{"start":{"line":65,"column":0},"end":{"line":65,"column":13}},"65":{"start":{"line":66,"column":0},"end":{"line":66,"column":71}},"66":{"start":{"line":67,"column":0},"end":{"line":67,"column":61}},"67":{"start":{"line":68,"column":0},"end":{"line":68,"column":6}},"68":{"start":{"line":69,"column":0},"end":{"line":69,"column":48}}},"s":{"0":1,"1":1,"2":1,"3":1,"4":1,"5":1,"6":1,"7":1,"8":1,"9":1,"10":1,"11":1,"12":1,"13":1,"14":1,"15":1,"16":1,"17":1,"18":1,"19":1,"20":1,"21":1,"22":1,"23":1,"24":1,"25":1,"26":1,"27":1,"28":1,"29":1,"30":1,"31":1,"32":1,"33":1,"34":1,"35":1,"36":1,"37":1,"38":1,"39":1,"40":1,"41":1,"42":1,"43":1,"44":1,"45":1,"46":1,"47":1,"48":1,"49":1,"50":1,"51":1,"52":1,"53":1,"54":1,"55":1,"56":1,"57":1,"58":1,"59":1,"60":1,"61":1,"62":1,"63":1,"64":1,"65":1,"66":1,"67":1,"68":1},"branchMap":{},"b":{},"fnMap":{},"f":{}}
,"C:\\Users\\VInicius Souza\\www\\BitsBytes-WebService\\src\\http\\schemas\\role_schemas.ts": {"path":"C:\\Users\\VInicius Souza\\www\\BitsBytes-WebService\\src\\http\\schemas\\role_schemas.ts","all":false,"statementMap":{"0":{"start":{"line":1,"column":0},"end":{"line":1,"column":20}},"1":{"start":{"line":2,"column":0},"end":{"line":2,"column":80}},"2":{"start":{"line":3,"column":0},"end":{"line":3,"column":0}},"3":{"start":{"line":4,"column":0},"end":{"line":4,"column":44}},"4":{"start":{"line":5,"column":0},"end":{"line":5,"column":31}},"5":{"start":{"line":6,"column":0},"end":{"line":6,"column":22}},"6":{"start":{"line":7,"column":0},"end":{"line":7,"column":36}},"7":{"start":{"line":8,"column":0},"end":{"line":8,"column":36}},"8":{"start":{"line":9,"column":0},"end":{"line":9,"column":2}},"9":{"start":{"line":10,"column":0},"end":{"line":10,"column":0}},"10":{"start":{"line":11,"column":0},"end":{"line":11,"column":44}},"11":{"start":{"line":12,"column":0},"end":{"line":12,"column":33}},"12":{"start":{"line":13,"column":0},"end":{"line":13,"column":47}},"13":{"start":{"line":14,"column":0},"end":{"line":14,"column":36}},"14":{"start":{"line":15,"column":0},"end":{"line":15,"column":2}}},"s":{"0":1,"1":1,"2":1,"3":1,"4":1,"5":1,"6":1,"7":1,"8":1,"9":1,"10":1,"11":1,"12":1,"13":1,"14":1},"branchMap":{},"b":{},"fnMap":{},"f":{}}
,"C:\\Users\\VInicius Souza\\www\\BitsBytes-WebService\\src\\repositories\\postgres\\role_repository\\index.ts": {"path":"C:\\Users\\VInicius Souza\\www\\BitsBytes-WebService\\src\\repositories\\postgres\\role_repository\\index.ts","all":false,"statementMap":{"0":{"start":{"line":1,"column":0},"end":{"line":1,"column":39}},"1":{"start":{"line":2,"column":0},"end":{"line":2,"column":83}},"2":{"start":{"line":3,"column":0},"end":{"line":3,"column":64}},"3":{"start":{"line":4,"column":0},"end":{"line":4,"column":45}},"4":{"start":{"line":5,"column":0},"end":{"line":5,"column":0}},"5":{"start":{"line":6,"column":0},"end":{"line":6,"column":63}},"6":{"start":{"line":7,"column":0},"end":{"line":7,"column":53}},"7":{"start":{"line":8,"column":0},"end":{"line":8,"column":57}},"8":{"start":{"line":9,"column":0},"end":{"line":9,"column":0}},"9":{"start":{"line":10,"column":0},"end":{"line":10,"column":30}},"10":{"start":{"line":11,"column":0},"end":{"line":11,"column":48}},"11":{"start":{"line":12,"column":0},"end":{"line":12,"column":82}},"12":{"start":{"line":13,"column":0},"end":{"line":13,"column":9}},"13":{"start":{"line":14,"column":0},"end":{"line":14,"column":0}},"14":{"start":{"line":15,"column":0},"end":{"line":15,"column":29}},"15":{"start":{"line":16,"column":0},"end":{"line":16,"column":47}},"16":{"start":{"line":17,"column":0},"end":{"line":17,"column":78}},"17":{"start":{"line":18,"column":0},"end":{"line":18,"column":9}},"18":{"start":{"line":19,"column":0},"end":{"line":19,"column":0}},"19":{"start":{"line":20,"column":0},"end":{"line":20,"column":32}},"20":{"start":{"line":21,"column":0},"end":{"line":21,"column":38}},"21":{"start":{"line":22,"column":0},"end":{"line":22,"column":58}},"22":{"start":{"line":23,"column":0},"end":{"line":23,"column":0}},"23":{"start":{"line":24,"column":0},"end":{"line":24,"column":38}},"24":{"start":{"line":25,"column":0},"end":{"line":25,"column":58}},"25":{"start":{"line":26,"column":0},"end":{"line":26,"column":9}},"26":{"start":{"line":27,"column":0},"end":{"line":27,"column":0}},"27":{"start":{"line":28,"column":0},"end":{"line":28,"column":63}},"28":{"start":{"line":29,"column":0},"end":{"line":29,"column":0}},"29":{"start":{"line":30,"column":0},"end":{"line":30,"column":53}},"30":{"start":{"line":31,"column":0},"end":{"line":31,"column":0}},"31":{"start":{"line":32,"column":0},"end":{"line":32,"column":20}},"32":{"start":{"line":33,"column":0},"end":{"line":33,"column":5}},"33":{"start":{"line":34,"column":0},"end":{"line":34,"column":0}},"34":{"start":{"line":35,"column":0},"end":{"line":35,"column":42}},"35":{"start":{"line":36,"column":0},"end":{"line":36,"column":51}},"36":{"start":{"line":37,"column":0},"end":{"line":37,"column":35}},"37":{"start":{"line":38,"column":0},"end":{"line":38,"column":37}},"38":{"start":{"line":39,"column":0},"end":{"line":39,"column":10}},"39":{"start":{"line":40,"column":0},"end":{"line":40,"column":0}},"40":{"start":{"line":41,"column":0},"end":{"line":41,"column":18}},"41":{"start":{"line":42,"column":0},"end":{"line":42,"column":23}},"42":{"start":{"line":43,"column":0},"end":{"line":43,"column":0}},"43":{"start":{"line":44,"column":0},"end":{"line":44,"column":41}},"44":{"start":{"line":45,"column":0},"end":{"line":45,"column":32}},"45":{"start":{"line":46,"column":0},"end":{"line":46,"column":40}},"46":{"start":{"line":47,"column":0},"end":{"line":47,"column":42}},"47":{"start":{"line":48,"column":0},"end":{"line":48,"column":28}},"48":{"start":{"line":49,"column":0},"end":{"line":49,"column":24}},"49":{"start":{"line":50,"column":0},"end":{"line":50,"column":40}},"50":{"start":{"line":51,"column":0},"end":{"line":51,"column":0}},"51":{"start":{"line":52,"column":0},"end":{"line":52,"column":9}},"52":{"start":{"line":53,"column":0},"end":{"line":53,"column":0}},"53":{"start":{"line":54,"column":0},"end":{"line":54,"column":26}},"54":{"start":{"line":55,"column":0},"end":{"line":55,"column":5}},"55":{"start":{"line":56,"column":0},"end":{"line":56,"column":0}},"56":{"start":{"line":57,"column":0},"end":{"line":57,"column":46}},"57":{"start":{"line":58,"column":0},"end":{"line":58,"column":51}},"58":{"start":{"line":59,"column":0},"end":{"line":59,"column":38}},"59":{"start":{"line":60,"column":0},"end":{"line":60,"column":10}},"60":{"start":{"line":61,"column":0},"end":{"line":61,"column":0}},"61":{"start":{"line":62,"column":0},"end":{"line":62,"column":18}},"62":{"start":{"line":63,"column":0},"end":{"line":63,"column":23}},"63":{"start":{"line":64,"column":0},"end":{"line":64,"column":0}},"64":{"start":{"line":65,"column":0},"end":{"line":65,"column":41}},"65":{"start":{"line":66,"column":0},"end":{"line":66,"column":32}},"66":{"start":{"line":67,"column":0},"end":{"line":67,"column":40}},"67":{"start":{"line":68,"column":0},"end":{"line":68,"column":42}},"68":{"start":{"line":69,"column":0},"end":{"line":69,"column":28}},"69":{"start":{"line":70,"column":0},"end":{"line":70,"column":24}},"70":{"start":{"line":71,"column":0},"end":{"line":71,"column":39}},"71":{"start":{"line":72,"column":0},"end":{"line":72,"column":9}},"72":{"start":{"line":73,"column":0},"end":{"line":73,"column":0}},"73":{"start":{"line":74,"column":0},"end":{"line":74,"column":26}},"74":{"start":{"line":75,"column":0},"end":{"line":75,"column":5}},"75":{"start":{"line":76,"column":0},"end":{"line":76,"column":0}},"76":{"start":{"line":77,"column":0},"end":{"line":77,"column":70}},"77":{"start":{"line":78,"column":0},"end":{"line":78,"column":47}},"78":{"start":{"line":79,"column":0},"end":{"line":79,"column":19}},"79":{"start":{"line":80,"column":0},"end":{"line":80,"column":46}},"80":{"start":{"line":81,"column":0},"end":{"line":81,"column":13}},"81":{"start":{"line":82,"column":0},"end":{"line":82,"column":10}},"82":{"start":{"line":83,"column":0},"end":{"line":83,"column":0}},"83":{"start":{"line":84,"column":0},"end":{"line":84,"column":19}},"84":{"start":{"line":85,"column":0},"end":{"line":85,"column":5}},"85":{"start":{"line":86,"column":0},"end":{"line":86,"column":0}},"86":{"start":{"line":87,"column":0},"end":{"line":87,"column":73}},"87":{"start":{"line":88,"column":0},"end":{"line":88,"column":47}},"88":{"start":{"line":89,"column":0},"end":{"line":89,"column":35}},"89":{"start":{"line":90,"column":0},"end":{"line":90,"column":27}},"90":{"start":{"line":91,"column":0},"end":{"line":91,"column":10}},"91":{"start":{"line":92,"column":0},"end":{"line":92,"column":0}},"92":{"start":{"line":93,"column":0},"end":{"line":93,"column":19}},"93":{"start":{"line":94,"column":0},"end":{"line":94,"column":5}},"94":{"start":{"line":95,"column":0},"end":{"line":95,"column":0}},"95":{"start":{"line":96,"column":0},"end":{"line":96,"column":77}},"96":{"start":{"line":97,"column":0},"end":{"line":97,"column":47}},"97":{"start":{"line":98,"column":0},"end":{"line":98,"column":39}},"98":{"start":{"line":99,"column":0},"end":{"line":99,"column":27}},"99":{"start":{"line":100,"column":0},"end":{"line":100,"column":10}},"100":{"start":{"line":101,"column":0},"end":{"line":101,"column":0}},"101":{"start":{"line":102,"column":0},"end":{"line":102,"column":19}},"102":{"start":{"line":103,"column":0},"end":{"line":103,"column":5}},"103":{"start":{"line":104,"column":0},"end":{"line":104,"column":0}},"104":{"start":{"line":105,"column":0},"end":{"line":105,"column":45}},"105":{"start":{"line":106,"column":0},"end":{"line":106,"column":47}},"106":{"start":{"line":107,"column":0},"end":{"line":107,"column":34}},"107":{"start":{"line":108,"column":0},"end":{"line":108,"column":10}},"108":{"start":{"line":109,"column":0},"end":{"line":109,"column":0}},"109":{"start":{"line":110,"column":0},"end":{"line":110,"column":19}},"110":{"start":{"line":111,"column":0},"end":{"line":111,"column":5}},"111":{"start":{"line":112,"column":0},"end":{"line":112,"column":0}},"112":{"start":{"line":113,"column":0},"end":{"line":113,"column":49}},"113":{"start":{"line":114,"column":0},"end":{"line":114,"column":47}},"114":{"start":{"line":115,"column":0},"end":{"line":115,"column":38}},"115":{"start":{"line":116,"column":0},"end":{"line":116,"column":10}},"116":{"start":{"line":117,"column":0},"end":{"line":117,"column":0}},"117":{"start":{"line":118,"column":0},"end":{"line":118,"column":19}},"118":{"start":{"line":119,"column":0},"end":{"line":119,"column":5}},"119":{"start":{"line":120,"column":0},"end":{"line":120,"column":0}},"120":{"start":{"line":121,"column":0},"end":{"line":121,"column":55}},"121":{"start":{"line":122,"column":0},"end":{"line":122,"column":4}},"122":{"start":{"line":123,"column":0},"end":{"line":123,"column":59}},"123":{"start":{"line":124,"column":0},"end":{"line":124,"column":4}},"124":{"start":{"line":125,"column":0},"end":{"line":125,"column":1}}},"s":{"0":1,"1":1,"2":1,"3":1,"4":1,"5":1,"6":25,"7":3,"8":3,"9":3,"10":0,"11":0,"12":0,"13":3,"14":3,"15":0,"16":0,"17":0,"18":3,"19":3,"20":0,"21":0,"22":0,"23":0,"24":0,"25":0,"26":3,"27":3,"28":3,"29":3,"30":3,"31":3,"32":3,"33":25,"34":25,"35":8,"36":8,"37":8,"38":8,"39":8,"40":8,"41":8,"42":3,"43":3,"44":3,"45":3,"46":3,"47":3,"48":3,"49":3,"50":3,"51":3,"52":3,"53":3,"54":3,"55":25,"56":25,"57":14,"58":14,"59":14,"60":14,"61":14,"62":14,"63":5,"64":5,"65":5,"66":5,"67":5,"68":5,"69":5,"70":5,"71":5,"72":5,"73":5,"74":5,"75":25,"76":25,"77":7,"78":7,"79":7,"80":7,"81":7,"82":5,"83":5,"84":5,"85":25,"86":25,"87":2,"88":2,"89":2,"90":2,"91":1,"92":1,"93":1,"94":25,"95":25,"96":0,"97":0,"98":0,"99":0,"100":0,"101":0,"102":0,"103":25,"104":25,"105":1,"106":1,"107":1,"108":0,"109":0,"110":0,"111":25,"112":25,"113":0,"114":0,"115":0,"116":0,"117":0,"118":0,"119":25,"120":25,"121":25,"122":25,"123":25,"124":25},"branchMap":{"0":{"type":"branch","line":6,"loc":{"start":{"line":6,"column":35},"end":{"line":125,"column":1}},"locations":[{"start":{"line":6,"column":35},"end":{"line":125,"column":1}}]},"1":{"type":"branch","line":7,"loc":{"start":{"line":7,"column":13},"end":{"line":33,"column":5}},"locations":[{"start":{"line":7,"column":13},"end":{"line":33,"column":5}}]},"2":{"type":"branch","line":10,"loc":{"start":{"line":10,"column":19},"end":{"line":10,"column":27}},"locations":[{"start":{"line":10,"column":19},"end":{"line":10,"column":27}}]},"3":{"type":"branch","line":10,"loc":{"start":{"line":10,"column":29},"end":{"line":13,"column":9}},"locations":[{"start":{"line":10,"column":29},"end":{"line":13,"column":9}}]},"4":{"type":"branch","line":15,"loc":{"start":{"line":15,"column":19},"end":{"line":15,"column":26}},"locations":[{"start":{"line":15,"column":19},"end":{"line":15,"column":26}}]},"5":{"type":"branch","line":15,"loc":{"start":{"line":15,"column":28},"end":{"line":18,"column":9}},"locations":[{"start":{"line":15,"column":28},"end":{"line":18,"column":9}}]},"6":{"type":"branch","line":20,"loc":{"start":{"line":20,"column":19},"end":{"line":20,"column":29}},"locations":[{"start":{"line":20,"column":19},"end":{"line":20,"column":29}}]},"7":{"type":"branch","line":20,"loc":{"start":{"line":20,"column":31},"end":{"line":26,"column":9}},"locations":[{"start":{"line":20,"column":31},"end":{"line":26,"column":9}}]},"8":{"type":"branch","line":35,"loc":{"start":{"line":35,"column":14},"end":{"line":55,"column":5}},"locations":[{"start":{"line":35,"column":14},"end":{"line":55,"column":5}}]},"9":{"type":"branch","line":42,"loc":{"start":{"line":42,"column":12},"end":{"line":42,"column":23}},"locations":[{"start":{"line":42,"column":12},"end":{"line":42,"column":23}}]},"10":{"type":"branch","line":43,"loc":{"start":{"line":43,"column":-2},"end":{"line":55,"column":5}},"locations":[{"start":{"line":43,"column":-2},"end":{"line":55,"column":5}}]},"11":{"type":"branch","line":57,"loc":{"start":{"line":57,"column":16},"end":{"line":75,"column":5}},"locations":[{"start":{"line":57,"column":16},"end":{"line":75,"column":5}}]},"12":{"type":"branch","line":63,"loc":{"start":{"line":63,"column":12},"end":{"line":75,"column":5}},"locations":[{"start":{"line":63,"column":12},"end":{"line":75,"column":5}}]},"13":{"type":"branch","line":63,"loc":{"start":{"line":63,"column":12},"end":{"line":63,"column":23}},"locations":[{"start":{"line":63,"column":12},"end":{"line":63,"column":23}}]},"14":{"type":"branch","line":64,"loc":{"start":{"line":64,"column":-2},"end":{"line":75,"column":5}},"locations":[{"start":{"line":64,"column":-2},"end":{"line":75,"column":5}}]},"15":{"type":"branch","line":77,"loc":{"start":{"line":77,"column":13},"end":{"line":85,"column":5}},"locations":[{"start":{"line":77,"column":13},"end":{"line":85,"column":5}}]},"16":{"type":"branch","line":83,"loc":{"start":{"line":83,"column":-2},"end":{"line":85,"column":5}},"locations":[{"start":{"line":83,"column":-2},"end":{"line":85,"column":5}}]},"17":{"type":"branch","line":87,"loc":{"start":{"line":87,"column":17},"end":{"line":94,"column":5}},"locations":[{"start":{"line":87,"column":17},"end":{"line":94,"column":5}}]},"18":{"type":"branch","line":92,"loc":{"start":{"line":92,"column":-2},"end":{"line":94,"column":5}},"locations":[{"start":{"line":92,"column":-2},"end":{"line":94,"column":5}}]},"19":{"type":"branch","line":105,"loc":{"start":{"line":105,"column":17},"end":{"line":111,"column":5}},"locations":[{"start":{"line":105,"column":17},"end":{"line":111,"column":5}}]},"20":{"type":"branch","line":109,"loc":{"start":{"line":109,"column":-2},"end":{"line":111,"column":5}},"locations":[{"start":{"line":109,"column":-2},"end":{"line":111,"column":5}}]}},"b":{"0":[25],"1":[3],"2":[1],"3":[0],"4":[1],"5":[0],"6":[1],"7":[0],"8":[8],"9":[5],"10":[3],"11":[14],"12":[13],"13":[9],"14":[5],"15":[7],"16":[5],"17":[2],"18":[1],"19":[1],"20":[0]},"fnMap":{"0":{"name":"<instance_members_initializer>","decl":{"start":{"line":6,"column":35},"end":{"line":125,"column":1}},"loc":{"start":{"line":6,"column":35},"end":{"line":125,"column":1}},"line":6},"1":{"name":"getAll","decl":{"start":{"line":7,"column":13},"end":{"line":33,"column":5}},"loc":{"start":{"line":7,"column":13},"end":{"line":33,"column":5}},"line":7},"2":{"name":"getById","decl":{"start":{"line":35,"column":14},"end":{"line":55,"column":5}},"loc":{"start":{"line":35,"column":14},"end":{"line":55,"column":5}},"line":35},"3":{"name":"getByName","decl":{"start":{"line":57,"column":16},"end":{"line":75,"column":5}},"loc":{"start":{"line":57,"column":16},"end":{"line":75,"column":5}},"line":57},"4":{"name":"create","decl":{"start":{"line":77,"column":13},"end":{"line":85,"column":5}},"loc":{"start":{"line":77,"column":13},"end":{"line":85,"column":5}},"line":77},"5":{"name":"updateById","decl":{"start":{"line":87,"column":17},"end":{"line":94,"column":5}},"loc":{"start":{"line":87,"column":17},"end":{"line":94,"column":5}},"line":87},"6":{"name":"updateByName","decl":{"start":{"line":96,"column":19},"end":{"line":103,"column":5}},"loc":{"start":{"line":96,"column":19},"end":{"line":103,"column":5}},"line":96},"7":{"name":"deleteById","decl":{"start":{"line":105,"column":17},"end":{"line":111,"column":5}},"loc":{"start":{"line":105,"column":17},"end":{"line":111,"column":5}},"line":105},"8":{"name":"deleteByName","decl":{"start":{"line":113,"column":19},"end":{"line":119,"column":5}},"loc":{"start":{"line":113,"column":19},"end":{"line":119,"column":5}},"line":113}},"f":{"0":25,"1":3,"2":8,"3":14,"4":7,"5":2,"6":0,"7":1,"8":0}}
,"C:\\Users\\VInicius Souza\\www\\BitsBytes-WebService\\src\\use_cases\\role_usecase\\create\\create_role.ts": {"path":"C:\\Users\\VInicius Souza\\www\\BitsBytes-WebService\\src\\use_cases\\role_usecase\\create\\create_role.ts","all":false,"statementMap":{"0":{"start":{"line":1,"column":0},"end":{"line":1,"column":110}},"1":{"start":{"line":2,"column":0},"end":{"line":2,"column":72}},"2":{"start":{"line":3,"column":0},"end":{"line":3,"column":64}},"3":{"start":{"line":4,"column":0},"end":{"line":4,"column":0}},"4":{"start":{"line":5,"column":0},"end":{"line":5,"column":32}},"5":{"start":{"line":6,"column":0},"end":{"line":6,"column":35}},"6":{"start":{"line":7,"column":0},"end":{"line":7,"column":0}},"7":{"start":{"line":8,"column":0},"end":{"line":8,"column":50}},"8":{"start":{"line":9,"column":0},"end":{"line":9,"column":46}},"9":{"start":{"line":10,"column":0},"end":{"line":10,"column":5}},"10":{"start":{"line":11,"column":0},"end":{"line":11,"column":0}},"11":{"start":{"line":12,"column":0},"end":{"line":12,"column":47}},"12":{"start":{"line":13,"column":0},"end":{"line":13,"column":87}},"13":{"start":{"line":14,"column":0},"end":{"line":14,"column":0}},"14":{"start":{"line":15,"column":0},"end":{"line":15,"column":44}},"15":{"start":{"line":16,"column":0},"end":{"line":16,"column":110}},"16":{"start":{"line":17,"column":0},"end":{"line":17,"column":0}},"17":{"start":{"line":18,"column":0},"end":{"line":18,"column":43}},"18":{"start":{"line":19,"column":0},"end":{"line":19,"column":9}},"19":{"start":{"line":20,"column":0},"end":{"line":20,"column":0}},"20":{"start":{"line":21,"column":0},"end":{"line":21,"column":61}},"21":{"start":{"line":22,"column":0},"end":{"line":22,"column":0}},"22":{"start":{"line":23,"column":0},"end":{"line":23,"column":13}},"23":{"start":{"line":24,"column":0},"end":{"line":24,"column":87}},"24":{"start":{"line":25,"column":0},"end":{"line":25,"column":0}},"25":{"start":{"line":26,"column":0},"end":{"line":26,"column":21}},"26":{"start":{"line":27,"column":0},"end":{"line":27,"column":67}},"27":{"start":{"line":28,"column":0},"end":{"line":28,"column":0}},"28":{"start":{"line":29,"column":0},"end":{"line":29,"column":25}},"29":{"start":{"line":30,"column":0},"end":{"line":30,"column":30}},"30":{"start":{"line":31,"column":0},"end":{"line":31,"column":0}},"31":{"start":{"line":32,"column":0},"end":{"line":32,"column":33}},"32":{"start":{"line":33,"column":0},"end":{"line":33,"column":9}},"33":{"start":{"line":34,"column":0},"end":{"line":34,"column":0}},"34":{"start":{"line":35,"column":0},"end":{"line":35,"column":13}},"35":{"start":{"line":36,"column":0},"end":{"line":36,"column":56}},"36":{"start":{"line":37,"column":0},"end":{"line":37,"column":0}},"37":{"start":{"line":38,"column":0},"end":{"line":38,"column":31}},"38":{"start":{"line":39,"column":0},"end":{"line":39,"column":0}},"39":{"start":{"line":40,"column":0},"end":{"line":40,"column":25}},"40":{"start":{"line":41,"column":0},"end":{"line":41,"column":30}},"41":{"start":{"line":42,"column":0},"end":{"line":42,"column":0}},"42":{"start":{"line":43,"column":0},"end":{"line":43,"column":33}},"43":{"start":{"line":44,"column":0},"end":{"line":44,"column":9}},"44":{"start":{"line":45,"column":0},"end":{"line":45,"column":5}},"45":{"start":{"line":46,"column":0},"end":{"line":46,"column":1}}},"s":{"0":1,"1":1,"2":1,"3":1,"4":1,"5":8,"6":8,"7":8,"8":8,"9":8,"10":8,"11":8,"12":9,"13":9,"14":9,"15":2,"16":2,"17":2,"18":2,"19":7,"20":7,"21":7,"22":7,"23":7,"24":7,"25":7,"26":9,"27":9,"28":9,"29":0,"30":0,"31":0,"32":0,"33":5,"34":5,"35":5,"36":5,"37":5,"38":5,"39":9,"40":0,"41":0,"42":0,"43":0,"44":9,"45":8},"branchMap":{"0":{"type":"branch","line":5,"loc":{"start":{"line":5,"column":30},"end":{"line":46,"column":1}},"locations":[{"start":{"line":5,"column":30},"end":{"line":46,"column":1}}]},"1":{"type":"branch","line":8,"loc":{"start":{"line":8,"column":4},"end":{"line":10,"column":5}},"locations":[{"start":{"line":8,"column":4},"end":{"line":10,"column":5}}]},"2":{"type":"branch","line":12,"loc":{"start":{"line":12,"column":14},"end":{"line":45,"column":5}},"locations":[{"start":{"line":12,"column":14},"end":{"line":45,"column":5}}]},"3":{"type":"branch","line":15,"loc":{"start":{"line":15,"column":43},"end":{"line":19,"column":9}},"locations":[{"start":{"line":15,"column":43},"end":{"line":19,"column":9}}]},"4":{"type":"branch","line":20,"loc":{"start":{"line":20,"column":-2},"end":{"line":27,"column":23}},"locations":[{"start":{"line":20,"column":-2},"end":{"line":27,"column":23}}]},"5":{"type":"branch","line":27,"loc":{"start":{"line":27,"column":16},"end":{"line":27,"column":67}},"locations":[{"start":{"line":27,"column":16},"end":{"line":27,"column":67}}]},"6":{"type":"branch","line":29,"loc":{"start":{"line":29,"column":10},"end":{"line":33,"column":9}},"locations":[{"start":{"line":29,"column":10},"end":{"line":33,"column":9}}]},"7":{"type":"branch","line":34,"loc":{"start":{"line":34,"column":-2},"end":{"line":40,"column":17}},"locations":[{"start":{"line":34,"column":-2},"end":{"line":40,"column":17}}]},"8":{"type":"branch","line":40,"loc":{"start":{"line":40,"column":10},"end":{"line":44,"column":9}},"locations":[{"start":{"line":40,"column":10},"end":{"line":44,"column":9}}]}},"b":{"0":[8],"1":[8],"2":[9],"3":[2],"4":[7],"5":[2],"6":[0],"7":[5],"8":[0]},"fnMap":{"0":{"name":"<instance_members_initializer>","decl":{"start":{"line":5,"column":30},"end":{"line":46,"column":1}},"loc":{"start":{"line":5,"column":30},"end":{"line":46,"column":1}},"line":5},"1":{"name":"CreateRoleUseCase","decl":{"start":{"line":8,"column":4},"end":{"line":10,"column":5}},"loc":{"start":{"line":8,"column":4},"end":{"line":10,"column":5}},"line":8},"2":{"name":"execute","decl":{"start":{"line":12,"column":14},"end":{"line":45,"column":5}},"loc":{"start":{"line":12,"column":14},"end":{"line":45,"column":5}},"line":12}},"f":{"0":8,"1":8,"2":9}}
,"C:\\Users\\VInicius Souza\\www\\BitsBytes-WebService\\src\\use_cases\\role_usecase\\delete\\delete_role_by_id.ts": {"path":"C:\\Users\\VInicius Souza\\www\\BitsBytes-WebService\\src\\use_cases\\role_usecase\\delete\\delete_role_by_id.ts","all":false,"statementMap":{"0":{"start":{"line":1,"column":0},"end":{"line":1,"column":77}},"1":{"start":{"line":2,"column":0},"end":{"line":2,"column":53}},"2":{"start":{"line":3,"column":0},"end":{"line":3,"column":0}},"3":{"start":{"line":4,"column":0},"end":{"line":4,"column":36}},"4":{"start":{"line":5,"column":0},"end":{"line":5,"column":35}},"5":{"start":{"line":6,"column":0},"end":{"line":6,"column":0}},"6":{"start":{"line":7,"column":0},"end":{"line":7,"column":50}},"7":{"start":{"line":8,"column":0},"end":{"line":8,"column":46}},"8":{"start":{"line":9,"column":0},"end":{"line":9,"column":5}},"9":{"start":{"line":10,"column":0},"end":{"line":10,"column":0}},"10":{"start":{"line":11,"column":0},"end":{"line":11,"column":42}},"11":{"start":{"line":12,"column":0},"end":{"line":12,"column":13}},"12":{"start":{"line":13,"column":0},"end":{"line":13,"column":68}},"13":{"start":{"line":14,"column":0},"end":{"line":14,"column":0}},"14":{"start":{"line":15,"column":0},"end":{"line":15,"column":22}},"15":{"start":{"line":16,"column":0},"end":{"line":16,"column":55}},"16":{"start":{"line":17,"column":0},"end":{"line":17,"column":0}},"17":{"start":{"line":18,"column":0},"end":{"line":18,"column":25}},"18":{"start":{"line":19,"column":0},"end":{"line":19,"column":30}},"19":{"start":{"line":20,"column":0},"end":{"line":20,"column":0}},"20":{"start":{"line":21,"column":0},"end":{"line":21,"column":33}},"21":{"start":{"line":22,"column":0},"end":{"line":22,"column":9}},"22":{"start":{"line":23,"column":0},"end":{"line":23,"column":0}},"23":{"start":{"line":24,"column":0},"end":{"line":24,"column":13}},"24":{"start":{"line":25,"column":0},"end":{"line":25,"column":58}},"25":{"start":{"line":26,"column":0},"end":{"line":26,"column":0}},"26":{"start":{"line":27,"column":0},"end":{"line":27,"column":31}},"27":{"start":{"line":28,"column":0},"end":{"line":28,"column":25}},"28":{"start":{"line":29,"column":0},"end":{"line":29,"column":33}},"29":{"start":{"line":30,"column":0},"end":{"line":30,"column":9}},"30":{"start":{"line":31,"column":0},"end":{"line":31,"column":5}},"31":{"start":{"line":32,"column":0},"end":{"line":32,"column":1}}},"s":{"0":1,"1":1,"2":1,"3":1,"4":0,"5":0,"6":0,"7":0,"8":0,"9":0,"10":0,"11":0,"12":0,"13":0,"14":0,"15":0,"16":0,"17":0,"18":0,"19":0,"20":0,"21":0,"22":0,"23":0,"24":0,"25":0,"26":0,"27":0,"28":0,"29":0,"30":0,"31":0},"branchMap":{"0":{"type":"branch","line":4,"loc":{"start":{"line":4,"column":34},"end":{"line":32,"column":1}},"locations":[{"start":{"line":4,"column":34},"end":{"line":32,"column":1}}]}},"b":{"0":[0]},"fnMap":{"0":{"name":"<instance_members_initializer>","decl":{"start":{"line":4,"column":34},"end":{"line":32,"column":1}},"loc":{"start":{"line":4,"column":34},"end":{"line":32,"column":1}},"line":4}},"f":{"0":0}}
,"C:\\Users\\VInicius Souza\\www\\BitsBytes-WebService\\src\\use_cases\\role_usecase\\read\\get_all_roles.ts": {"path":"C:\\Users\\VInicius Souza\\www\\BitsBytes-WebService\\src\\use_cases\\role_usecase\\read\\get_all_roles.ts","all":false,"statementMap":{"0":{"start":{"line":1,"column":0},"end":{"line":1,"column":71}},"1":{"start":{"line":2,"column":0},"end":{"line":2,"column":0}},"2":{"start":{"line":3,"column":0},"end":{"line":3,"column":33}},"3":{"start":{"line":4,"column":0},"end":{"line":4,"column":34}},"4":{"start":{"line":5,"column":0},"end":{"line":5,"column":0}},"5":{"start":{"line":6,"column":0},"end":{"line":6,"column":49}},"6":{"start":{"line":7,"column":0},"end":{"line":7,"column":44}},"7":{"start":{"line":8,"column":0},"end":{"line":8,"column":5}},"8":{"start":{"line":9,"column":0},"end":{"line":9,"column":0}},"9":{"start":{"line":10,"column":0},"end":{"line":10,"column":54}},"10":{"start":{"line":11,"column":0},"end":{"line":11,"column":13}},"11":{"start":{"line":12,"column":0},"end":{"line":12,"column":67}},"12":{"start":{"line":13,"column":0},"end":{"line":13,"column":0}},"13":{"start":{"line":14,"column":0},"end":{"line":14,"column":32}},"14":{"start":{"line":15,"column":0},"end":{"line":15,"column":25}},"15":{"start":{"line":16,"column":0},"end":{"line":16,"column":32}},"16":{"start":{"line":17,"column":0},"end":{"line":17,"column":9}},"17":{"start":{"line":18,"column":0},"end":{"line":18,"column":5}},"18":{"start":{"line":19,"column":0},"end":{"line":19,"column":1}}},"s":{"0":1,"1":1,"2":1,"3":2,"4":2,"5":2,"6":2,"7":2,"8":2,"9":2,"10":2,"11":2,"12":2,"13":2,"14":2,"15":0,"16":0,"17":2,"18":2},"branchMap":{"0":{"type":"branch","line":3,"loc":{"start":{"line":3,"column":31},"end":{"line":19,"column":1}},"locations":[{"start":{"line":3,"column":31},"end":{"line":19,"column":1}}]},"1":{"type":"branch","line":6,"loc":{"start":{"line":6,"column":4},"end":{"line":8,"column":5}},"locations":[{"start":{"line":6,"column":4},"end":{"line":8,"column":5}}]},"2":{"type":"branch","line":10,"loc":{"start":{"line":10,"column":14},"end":{"line":18,"column":5}},"locations":[{"start":{"line":10,"column":14},"end":{"line":18,"column":5}}]},"3":{"type":"branch","line":15,"loc":{"start":{"line":15,"column":10},"end":{"line":17,"column":9}},"locations":[{"start":{"line":15,"column":10},"end":{"line":17,"column":9}}]}},"b":{"0":[2],"1":[2],"2":[2],"3":[0]},"fnMap":{"0":{"name":"<instance_members_initializer>","decl":{"start":{"line":3,"column":31},"end":{"line":19,"column":1}},"loc":{"start":{"line":3,"column":31},"end":{"line":19,"column":1}},"line":3},"1":{"name":"GetAllRolesUseCase","decl":{"start":{"line":6,"column":4},"end":{"line":8,"column":5}},"loc":{"start":{"line":6,"column":4},"end":{"line":8,"column":5}},"line":6},"2":{"name":"execute","decl":{"start":{"line":10,"column":14},"end":{"line":18,"column":5}},"loc":{"start":{"line":10,"column":14},"end":{"line":18,"column":5}},"line":10}},"f":{"0":2,"1":2,"2":2}}
,"C:\\Users\\VInicius Souza\\www\\BitsBytes-WebService\\src\\use_cases\\role_usecase\\read\\get_role_by_id.ts": {"path":"C:\\Users\\VInicius Souza\\www\\BitsBytes-WebService\\src\\use_cases\\role_usecase\\read\\get_role_by_id.ts","all":false,"statementMap":{"0":{"start":{"line":1,"column":0},"end":{"line":1,"column":77}},"1":{"start":{"line":2,"column":0},"end":{"line":2,"column":53}},"2":{"start":{"line":3,"column":0},"end":{"line":3,"column":0}},"3":{"start":{"line":4,"column":0},"end":{"line":4,"column":33}},"4":{"start":{"line":5,"column":0},"end":{"line":5,"column":35}},"5":{"start":{"line":6,"column":0},"end":{"line":6,"column":0}},"6":{"start":{"line":7,"column":0},"end":{"line":7,"column":50}},"7":{"start":{"line":8,"column":0},"end":{"line":8,"column":46}},"8":{"start":{"line":9,"column":0},"end":{"line":9,"column":5}},"9":{"start":{"line":10,"column":0},"end":{"line":10,"column":0}},"10":{"start":{"line":11,"column":0},"end":{"line":11,"column":42}},"11":{"start":{"line":12,"column":0},"end":{"line":12,"column":13}},"12":{"start":{"line":13,"column":0},"end":{"line":13,"column":68}},"13":{"start":{"line":14,"column":0},"end":{"line":14,"column":0}},"14":{"start":{"line":15,"column":0},"end":{"line":15,"column":23}},"15":{"start":{"line":16,"column":0},"end":{"line":16,"column":54}},"16":{"start":{"line":17,"column":0},"end":{"line":17,"column":0}},"17":{"start":{"line":18,"column":0},"end":{"line":18,"column":31}},"18":{"start":{"line":19,"column":0},"end":{"line":19,"column":25}},"19":{"start":{"line":20,"column":0},"end":{"line":20,"column":32}},"20":{"start":{"line":21,"column":0},"end":{"line":21,"column":9}},"21":{"start":{"line":22,"column":0},"end":{"line":22,"column":5}},"22":{"start":{"line":23,"column":0},"end":{"line":23,"column":1}}},"s":{"0":1,"1":1,"2":1,"3":1,"4":3,"5":3,"6":3,"7":3,"8":3,"9":3,"10":3,"11":3,"12":3,"13":3,"14":3,"15":3,"16":1,"17":1,"18":3,"19":0,"20":0,"21":3,"22":3},"branchMap":{"0":{"type":"branch","line":4,"loc":{"start":{"line":4,"column":31},"end":{"line":23,"column":1}},"locations":[{"start":{"line":4,"column":31},"end":{"line":23,"column":1}}]},"1":{"type":"branch","line":7,"loc":{"start":{"line":7,"column":4},"end":{"line":9,"column":5}},"locations":[{"start":{"line":7,"column":4},"end":{"line":9,"column":5}}]},"2":{"type":"branch","line":11,"loc":{"start":{"line":11,"column":14},"end":{"line":22,"column":5}},"locations":[{"start":{"line":11,"column":14},"end":{"line":22,"column":5}}]},"3":{"type":"branch","line":16,"loc":{"start":{"line":16,"column":16},"end":{"line":16,"column":54}},"locations":[{"start":{"line":16,"column":16},"end":{"line":16,"column":54}}]},"4":{"type":"branch","line":17,"loc":{"start":{"line":17,"column":-2},"end":{"line":19,"column":17}},"locations":[{"start":{"line":17,"column":-2},"end":{"line":19,"column":17}}]},"5":{"type":"branch","line":19,"loc":{"start":{"line":19,"column":10},"end":{"line":21,"column":9}},"locations":[{"start":{"line":19,"column":10},"end":{"line":21,"column":9}}]}},"b":{"0":[3],"1":[3],"2":[3],"3":[2],"4":[1],"5":[0]},"fnMap":{"0":{"name":"<instance_members_initializer>","decl":{"start":{"line":4,"column":31},"end":{"line":23,"column":1}},"loc":{"start":{"line":4,"column":31},"end":{"line":23,"column":1}},"line":4},"1":{"name":"GetRoleByIdUseCase","decl":{"start":{"line":7,"column":4},"end":{"line":9,"column":5}},"loc":{"start":{"line":7,"column":4},"end":{"line":9,"column":5}},"line":7},"2":{"name":"execute","decl":{"start":{"line":11,"column":14},"end":{"line":22,"column":5}},"loc":{"start":{"line":11,"column":14},"end":{"line":22,"column":5}},"line":11}},"f":{"0":3,"1":3,"2":3}}
,"C:\\Users\\VInicius Souza\\www\\BitsBytes-WebService\\src\\use_cases\\role_usecase\\read\\get_role_by_name.ts": {"path":"C:\\Users\\VInicius Souza\\www\\BitsBytes-WebService\\src\\use_cases\\role_usecase\\read\\get_role_by_name.ts","all":false,"statementMap":{"0":{"start":{"line":1,"column":0},"end":{"line":1,"column":77}},"1":{"start":{"line":2,"column":0},"end":{"line":2,"column":53}},"2":{"start":{"line":3,"column":0},"end":{"line":3,"column":0}},"3":{"start":{"line":4,"column":0},"end":{"line":4,"column":35}},"4":{"start":{"line":5,"column":0},"end":{"line":5,"column":35}},"5":{"start":{"line":6,"column":0},"end":{"line":6,"column":0}},"6":{"start":{"line":7,"column":0},"end":{"line":7,"column":50}},"7":{"start":{"line":8,"column":0},"end":{"line":8,"column":46}},"8":{"start":{"line":9,"column":0},"end":{"line":9,"column":5}},"9":{"start":{"line":10,"column":0},"end":{"line":10,"column":0}},"10":{"start":{"line":11,"column":0},"end":{"line":11,"column":44}},"11":{"start":{"line":12,"column":0},"end":{"line":12,"column":13}},"12":{"start":{"line":13,"column":0},"end":{"line":13,"column":72}},"13":{"start":{"line":14,"column":0},"end":{"line":14,"column":0}},"14":{"start":{"line":15,"column":0},"end":{"line":15,"column":23}},"15":{"start":{"line":16,"column":0},"end":{"line":16,"column":54}},"16":{"start":{"line":17,"column":0},"end":{"line":17,"column":0}},"17":{"start":{"line":18,"column":0},"end":{"line":18,"column":31}},"18":{"start":{"line":19,"column":0},"end":{"line":19,"column":25}},"19":{"start":{"line":20,"column":0},"end":{"line":20,"column":32}},"20":{"start":{"line":21,"column":0},"end":{"line":21,"column":9}},"21":{"start":{"line":22,"column":0},"end":{"line":22,"column":5}},"22":{"start":{"line":23,"column":0},"end":{"line":23,"column":1}}},"s":{"0":1,"1":1,"2":1,"3":1,"4":3,"5":3,"6":3,"7":3,"8":3,"9":3,"10":3,"11":3,"12":3,"13":3,"14":3,"15":3,"16":1,"17":1,"18":3,"19":0,"20":0,"21":3,"22":3},"branchMap":{"0":{"type":"branch","line":4,"loc":{"start":{"line":4,"column":33},"end":{"line":23,"column":1}},"locations":[{"start":{"line":4,"column":33},"end":{"line":23,"column":1}}]},"1":{"type":"branch","line":7,"loc":{"start":{"line":7,"column":4},"end":{"line":9,"column":5}},"locations":[{"start":{"line":7,"column":4},"end":{"line":9,"column":5}}]},"2":{"type":"branch","line":11,"loc":{"start":{"line":11,"column":14},"end":{"line":22,"column":5}},"locations":[{"start":{"line":11,"column":14},"end":{"line":22,"column":5}}]},"3":{"type":"branch","line":16,"loc":{"start":{"line":16,"column":16},"end":{"line":16,"column":54}},"locations":[{"start":{"line":16,"column":16},"end":{"line":16,"column":54}}]},"4":{"type":"branch","line":17,"loc":{"start":{"line":17,"column":-2},"end":{"line":19,"column":17}},"locations":[{"start":{"line":17,"column":-2},"end":{"line":19,"column":17}}]},"5":{"type":"branch","line":19,"loc":{"start":{"line":19,"column":10},"end":{"line":21,"column":9}},"locations":[{"start":{"line":19,"column":10},"end":{"line":21,"column":9}}]}},"b":{"0":[3],"1":[3],"2":[3],"3":[2],"4":[1],"5":[0]},"fnMap":{"0":{"name":"<instance_members_initializer>","decl":{"start":{"line":4,"column":33},"end":{"line":23,"column":1}},"loc":{"start":{"line":4,"column":33},"end":{"line":23,"column":1}},"line":4},"1":{"name":"GetRoleByNameUseCase","decl":{"start":{"line":7,"column":4},"end":{"line":9,"column":5}},"loc":{"start":{"line":7,"column":4},"end":{"line":9,"column":5}},"line":7},"2":{"name":"execute","decl":{"start":{"line":11,"column":14},"end":{"line":22,"column":5}},"loc":{"start":{"line":11,"column":14},"end":{"line":22,"column":5}},"line":11}},"f":{"0":3,"1":3,"2":3}}
,"C:\\Users\\VInicius Souza\\www\\BitsBytes-WebService\\src\\use_cases\\role_usecase\\update\\update_role_by_id.ts": {"path":"C:\\Users\\VInicius Souza\\www\\BitsBytes-WebService\\src\\use_cases\\role_usecase\\update\\update_role_by_id.ts","all":false,"statementMap":{"0":{"start":{"line":1,"column":0},"end":{"line":1,"column":129}},"1":{"start":{"line":2,"column":0},"end":{"line":2,"column":72}},"2":{"start":{"line":3,"column":0},"end":{"line":3,"column":70}},"3":{"start":{"line":4,"column":0},"end":{"line":4,"column":0}},"4":{"start":{"line":5,"column":0},"end":{"line":5,"column":36}},"5":{"start":{"line":6,"column":0},"end":{"line":6,"column":35}},"6":{"start":{"line":7,"column":0},"end":{"line":7,"column":0}},"7":{"start":{"line":8,"column":0},"end":{"line":8,"column":50}},"8":{"start":{"line":9,"column":0},"end":{"line":9,"column":46}},"9":{"start":{"line":10,"column":0},"end":{"line":10,"column":5}},"10":{"start":{"line":11,"column":0},"end":{"line":11,"column":0}},"11":{"start":{"line":12,"column":0},"end":{"line":12,"column":70}},"12":{"start":{"line":13,"column":0},"end":{"line":13,"column":87}},"13":{"start":{"line":14,"column":0},"end":{"line":14,"column":0}},"14":{"start":{"line":15,"column":0},"end":{"line":15,"column":44}},"15":{"start":{"line":16,"column":0},"end":{"line":16,"column":111}},"16":{"start":{"line":17,"column":0},"end":{"line":17,"column":0}},"17":{"start":{"line":18,"column":0},"end":{"line":18,"column":44}},"18":{"start":{"line":19,"column":0},"end":{"line":19,"column":9}},"19":{"start":{"line":20,"column":0},"end":{"line":20,"column":0}},"20":{"start":{"line":21,"column":0},"end":{"line":21,"column":61}},"21":{"start":{"line":22,"column":0},"end":{"line":22,"column":0}},"22":{"start":{"line":23,"column":0},"end":{"line":23,"column":13}},"23":{"start":{"line":24,"column":0},"end":{"line":24,"column":68}},"24":{"start":{"line":25,"column":0},"end":{"line":25,"column":0}},"25":{"start":{"line":26,"column":0},"end":{"line":26,"column":22}},"26":{"start":{"line":27,"column":0},"end":{"line":27,"column":55}},"27":{"start":{"line":28,"column":0},"end":{"line":28,"column":0}},"28":{"start":{"line":29,"column":0},"end":{"line":29,"column":25}},"29":{"start":{"line":30,"column":0},"end":{"line":30,"column":30}},"30":{"start":{"line":31,"column":0},"end":{"line":31,"column":0}},"31":{"start":{"line":32,"column":0},"end":{"line":32,"column":33}},"32":{"start":{"line":33,"column":0},"end":{"line":33,"column":9}},"33":{"start":{"line":34,"column":0},"end":{"line":34,"column":0}},"34":{"start":{"line":35,"column":0},"end":{"line":35,"column":39}},"35":{"start":{"line":36,"column":0},"end":{"line":36,"column":17}},"36":{"start":{"line":37,"column":0},"end":{"line":37,"column":91}},"37":{"start":{"line":38,"column":0},"end":{"line":38,"column":0}},"38":{"start":{"line":39,"column":0},"end":{"line":39,"column":25}},"39":{"start":{"line":40,"column":0},"end":{"line":40,"column":71}},"40":{"start":{"line":41,"column":0},"end":{"line":41,"column":29}},"41":{"start":{"line":42,"column":0},"end":{"line":42,"column":34}},"42":{"start":{"line":43,"column":0},"end":{"line":43,"column":0}},"43":{"start":{"line":44,"column":0},"end":{"line":44,"column":37}},"44":{"start":{"line":45,"column":0},"end":{"line":45,"column":13}},"45":{"start":{"line":46,"column":0},"end":{"line":46,"column":9}},"46":{"start":{"line":47,"column":0},"end":{"line":47,"column":0}},"47":{"start":{"line":48,"column":0},"end":{"line":48,"column":13}},"48":{"start":{"line":49,"column":0},"end":{"line":49,"column":79}},"49":{"start":{"line":50,"column":0},"end":{"line":50,"column":0}},"50":{"start":{"line":51,"column":0},"end":{"line":51,"column":31}},"51":{"start":{"line":52,"column":0},"end":{"line":52,"column":25}},"52":{"start":{"line":53,"column":0},"end":{"line":53,"column":33}},"53":{"start":{"line":54,"column":0},"end":{"line":54,"column":9}},"54":{"start":{"line":55,"column":0},"end":{"line":55,"column":5}},"55":{"start":{"line":56,"column":0},"end":{"line":56,"column":1}}},"s":{"0":1,"1":1,"2":1,"3":1,"4":1,"5":4,"6":4,"7":4,"8":4,"9":4,"10":4,"11":4,"12":4,"13":4,"14":4,"15":1,"16":1,"17":1,"18":1,"19":3,"20":3,"21":3,"22":3,"23":3,"24":3,"25":3,"26":4,"27":4,"28":4,"29":0,"30":0,"31":0,"32":0,"33":2,"34":2,"35":2,"36":2,"37":2,"38":2,"39":2,"40":2,"41":0,"42":0,"43":0,"44":0,"45":2,"46":1,"47":1,"48":1,"49":1,"50":1,"51":4,"52":0,"53":0,"54":4,"55":4},"branchMap":{"0":{"type":"branch","line":5,"loc":{"start":{"line":5,"column":34},"end":{"line":56,"column":1}},"locations":[{"start":{"line":5,"column":34},"end":{"line":56,"column":1}}]},"1":{"type":"branch","line":8,"loc":{"start":{"line":8,"column":4},"end":{"line":10,"column":5}},"locations":[{"start":{"line":8,"column":4},"end":{"line":10,"column":5}}]},"2":{"type":"branch","line":12,"loc":{"start":{"line":12,"column":14},"end":{"line":55,"column":5}},"locations":[{"start":{"line":12,"column":14},"end":{"line":55,"column":5}}]},"3":{"type":"branch","line":15,"loc":{"start":{"line":15,"column":43},"end":{"line":19,"column":9}},"locations":[{"start":{"line":15,"column":43},"end":{"line":19,"column":9}}]},"4":{"type":"branch","line":20,"loc":{"start":{"line":20,"column":-2},"end":{"line":27,"column":23}},"locations":[{"start":{"line":20,"column":-2},"end":{"line":27,"column":23}}]},"5":{"type":"branch","line":27,"loc":{"start":{"line":27,"column":16},"end":{"line":27,"column":55}},"locations":[{"start":{"line":27,"column":16},"end":{"line":27,"column":55}}]},"6":{"type":"branch","line":29,"loc":{"start":{"line":29,"column":10},"end":{"line":33,"column":9}},"locations":[{"start":{"line":29,"column":10},"end":{"line":33,"column":9}}]},"7":{"type":"branch","line":34,"loc":{"start":{"line":34,"column":-2},"end":{"line":46,"column":9}},"locations":[{"start":{"line":34,"column":-2},"end":{"line":46,"column":9}}]},"8":{"type":"branch","line":40,"loc":{"start":{"line":40,"column":20},"end":{"line":40,"column":71}},"locations":[{"start":{"line":40,"column":20},"end":{"line":40,"column":71}}]},"9":{"type":"branch","line":41,"loc":{"start":{"line":41,"column":14},"end":{"line":45,"column":13}},"locations":[{"start":{"line":41,"column":14},"end":{"line":45,"column":13}}]},"10":{"type":"branch","line":47,"loc":{"start":{"line":47,"column":-2},"end":{"line":52,"column":17}},"locations":[{"start":{"line":47,"column":-2},"end":{"line":52,"column":17}}]},"11":{"type":"branch","line":52,"loc":{"start":{"line":52,"column":10},"end":{"line":54,"column":9}},"locations":[{"start":{"line":52,"column":10},"end":{"line":54,"column":9}}]}},"b":{"0":[4],"1":[4],"2":[4],"3":[1],"4":[3],"5":[1],"6":[0],"7":[2],"8":[1],"9":[0],"10":[1],"11":[0]},"fnMap":{"0":{"name":"<instance_members_initializer>","decl":{"start":{"line":5,"column":34},"end":{"line":56,"column":1}},"loc":{"start":{"line":5,"column":34},"end":{"line":56,"column":1}},"line":5},"1":{"name":"UpdateRoleByIdUseCase","decl":{"start":{"line":8,"column":4},"end":{"line":10,"column":5}},"loc":{"start":{"line":8,"column":4},"end":{"line":10,"column":5}},"line":8},"2":{"name":"execute","decl":{"start":{"line":12,"column":14},"end":{"line":55,"column":5}},"loc":{"start":{"line":12,"column":14},"end":{"line":55,"column":5}},"line":12}},"f":{"0":4,"1":4,"2":4}}
}
