TN:
SF:src\config\jest\prisma_mock.ts
FNF:0
FNH:0
DA:1,1
DA:2,1
DA:3,1
DA:4,1
DA:5,1
DA:6,1
DA:7,1
DA:8,1
DA:9,1
DA:10,1
DA:11,9
DA:12,9
DA:13,1
DA:14,1
LF:14
LH:14
BRDA:5,0,0,1
BRDA:10,1,0,9
BRF:2
BRH:2
end_of_record
TN:
SF:src\database\client.ts
FNF:0
FNH:0
DA:1,1
DA:2,1
DA:3,1
DA:4,1
DA:5,1
LF:5
LH:5
BRF:0
BRH:0
end_of_record
TN:
SF:src\http\server.ts
FNF:0
FNH:0
DA:1,1
DA:2,1
DA:3,1
DA:4,1
DA:5,1
DA:6,1
DA:7,1
DA:8,1
DA:9,1
DA:10,1
DA:11,1
DA:12,1
DA:13,1
LF:13
LH:13
BRF:0
BRH:0
end_of_record
TN:
SF:src\http\controllers\v1\role-controller\index.ts
FN:12,<instance_members_initializer>
FN:13,getAll
FN:55,getById
FN:82,create
FN:103,updateById
FN:133,deleteById
FNF:6
FNH:2
FNDA:1,<instance_members_initializer>
FNDA:1,getAll
FNDA:0,getById
FNDA:0,create
FNDA:0,updateById
FNDA:0,deleteById
DA:1,1
DA:2,1
DA:3,1
DA:4,1
DA:5,1
DA:6,1
DA:7,1
DA:8,1
DA:9,1
DA:10,1
DA:11,1
DA:12,1
DA:13,1
DA:14,1
DA:15,1
DA:16,1
DA:17,1
DA:18,1
DA:19,0
DA:20,0
DA:21,0
DA:22,0
DA:23,0
DA:24,1
DA:25,1
DA:26,0
DA:27,0
DA:28,0
DA:29,0
DA:30,0
DA:31,0
DA:32,1
DA:33,1
DA:34,1
DA:35,1
DA:36,1
DA:37,1
DA:38,1
DA:39,1
DA:40,1
DA:41,1
DA:42,1
DA:43,1
DA:44,1
DA:45,0
DA:46,0
DA:47,1
DA:48,1
DA:49,1
DA:50,1
DA:51,1
DA:52,1
DA:53,1
DA:54,1
DA:55,1
DA:56,0
DA:57,0
DA:58,0
DA:59,0
DA:60,0
DA:61,0
DA:62,0
DA:63,0
DA:64,0
DA:65,0
DA:66,0
DA:67,0
DA:68,0
DA:69,0
DA:70,0
DA:71,0
DA:72,0
DA:73,0
DA:74,0
DA:75,0
DA:76,0
DA:77,0
DA:78,0
DA:79,0
DA:80,0
DA:81,1
DA:82,1
DA:83,0
DA:84,0
DA:85,0
DA:86,0
DA:87,0
DA:88,0
DA:89,0
DA:90,0
DA:91,0
DA:92,0
DA:93,0
DA:94,0
DA:95,0
DA:96,0
DA:97,0
DA:98,0
DA:99,0
DA:100,0
DA:101,0
DA:102,1
DA:103,1
DA:104,0
DA:105,0
DA:106,0
DA:107,0
DA:108,0
DA:109,0
DA:110,0
DA:111,0
DA:112,0
DA:113,0
DA:114,0
DA:115,0
DA:116,0
DA:117,0
DA:118,0
DA:119,0
DA:120,0
DA:121,0
DA:122,0
DA:123,0
DA:124,0
DA:125,0
DA:126,0
DA:127,0
DA:128,0
DA:129,0
DA:130,0
DA:131,0
DA:132,1
DA:133,1
DA:134,0
DA:135,0
DA:136,0
DA:137,0
DA:138,0
DA:139,0
DA:140,0
DA:141,0
DA:142,0
DA:143,0
DA:144,0
DA:145,0
DA:146,0
DA:147,0
DA:148,0
DA:149,0
DA:150,0
DA:151,0
DA:152,0
DA:153,0
DA:154,0
DA:155,1
LF:155
LH:49
BRDA:12,0,0,1
BRDA:13,1,0,1
BRDA:18,2,0,0
BRDA:25,3,0,0
BRDA:34,4,0,0
BRDA:37,5,0,0
BRDA:44,6,0,0
BRF:7
BRH:2
end_of_record
TN:
SF:src\http\esceptions\role-exceptions.ts
FN:7,RoleNotFoundError
FN:14,RoleValidationError
FN:23,RoleNameAlreadyBeingUsedError
FNF:3
FNH:3
FNDA:5,RoleNotFoundError
FNDA:3,RoleValidationError
FNDA:3,RoleNameAlreadyBeingUsedError
DA:1,1
DA:2,1
DA:3,1
DA:4,1
DA:5,1
DA:6,1
DA:7,1
DA:8,5
DA:9,5
DA:10,5
DA:11,1
DA:12,1
DA:13,1
DA:14,1
DA:15,3
DA:16,3
DA:17,3
DA:18,3
DA:19,3
DA:20,1
DA:21,1
DA:22,1
DA:23,1
DA:24,3
DA:25,3
DA:26,3
DA:27,1
LF:27
LH:27
BRDA:7,0,0,5
BRDA:14,1,0,3
BRDA:23,2,0,3
BRF:3
BRH:3
end_of_record
TN:
SF:src\http\routes\api\v1\index.ts
FNF:0
FNH:0
DA:1,1
DA:2,1
DA:3,1
DA:4,1
DA:5,1
DA:6,1
DA:7,1
DA:8,1
LF:8
LH:8
BRF:0
BRH:0
end_of_record
TN:
SF:src\http\routes\api\v1\role_routes.ts
FNF:0
FNH:0
DA:1,1
DA:2,1
DA:3,1
DA:4,1
DA:5,1
DA:6,1
DA:7,1
DA:8,1
DA:9,1
DA:10,1
DA:11,1
DA:12,1
DA:13,1
DA:14,1
LF:14
LH:14
BRF:0
BRH:0
end_of_record
TN:
SF:src\http\schemas\index.ts
FNF:0
FNH:0
DA:1,1
DA:2,1
DA:3,1
DA:4,1
DA:5,1
DA:6,1
DA:7,1
DA:8,1
DA:9,1
DA:10,1
DA:11,1
DA:12,1
DA:13,1
DA:14,1
DA:15,1
DA:16,1
DA:17,1
DA:18,1
DA:19,1
DA:20,1
DA:21,1
DA:22,1
DA:23,1
DA:24,1
DA:25,1
DA:26,1
DA:27,1
DA:28,1
DA:29,1
DA:30,1
DA:31,1
DA:32,1
DA:33,1
DA:34,1
DA:35,1
DA:36,1
DA:37,1
DA:38,1
DA:39,1
DA:40,1
DA:41,1
DA:42,1
DA:43,1
DA:44,1
DA:45,1
DA:46,1
DA:47,1
DA:48,1
DA:49,1
DA:50,1
DA:51,1
DA:52,1
DA:53,1
DA:54,1
DA:55,1
DA:56,1
DA:57,1
DA:58,1
DA:59,1
DA:60,1
DA:61,1
DA:62,1
DA:63,1
DA:64,1
DA:65,1
DA:66,1
DA:67,1
DA:68,1
DA:69,1
LF:69
LH:69
BRF:0
BRH:0
end_of_record
TN:
SF:src\http\schemas\role_schemas.ts
FNF:0
FNH:0
DA:1,1
DA:2,1
DA:3,1
DA:4,1
DA:5,1
DA:6,1
DA:7,1
DA:8,1
DA:9,1
DA:10,1
DA:11,1
DA:12,1
DA:13,1
DA:14,1
DA:15,1
LF:15
LH:15
BRF:0
BRH:0
end_of_record
TN:
SF:src\repositories\postgres\role_repository\index.ts
FN:6,<instance_members_initializer>
FN:7,getAll
FN:35,getById
FN:57,getByName
FN:77,create
FN:87,updateById
FN:96,updateByName
FN:105,deleteById
FN:113,deleteByName
FNF:9
FNH:7
FNDA:25,<instance_members_initializer>
FNDA:3,getAll
FNDA:8,getById
FNDA:14,getByName
FNDA:7,create
FNDA:2,updateById
FNDA:0,updateByName
FNDA:1,deleteById
FNDA:0,deleteByName
DA:1,1
DA:2,1
DA:3,1
DA:4,1
DA:5,1
DA:6,1
DA:7,25
DA:8,3
DA:9,3
DA:10,3
DA:11,0
DA:12,0
DA:13,0
DA:14,3
DA:15,3
DA:16,0
DA:17,0
DA:18,0
DA:19,3
DA:20,3
DA:21,0
DA:22,0
DA:23,0
DA:24,0
DA:25,0
DA:26,0
DA:27,3
DA:28,3
DA:29,3
DA:30,3
DA:31,3
DA:32,3
DA:33,3
DA:34,25
DA:35,25
DA:36,8
DA:37,8
DA:38,8
DA:39,8
DA:40,8
DA:41,8
DA:42,8
DA:43,3
DA:44,3
DA:45,3
DA:46,3
DA:47,3
DA:48,3
DA:49,3
DA:50,3
DA:51,3
DA:52,3
DA:53,3
DA:54,3
DA:55,3
DA:56,25
DA:57,25
DA:58,14
DA:59,14
DA:60,14
DA:61,14
DA:62,14
DA:63,14
DA:64,5
DA:65,5
DA:66,5
DA:67,5
DA:68,5
DA:69,5
DA:70,5
DA:71,5
DA:72,5
DA:73,5
DA:74,5
DA:75,5
DA:76,25
DA:77,25
DA:78,7
DA:79,7
DA:80,7
DA:81,7
DA:82,7
DA:83,5
DA:84,5
DA:85,5
DA:86,25
DA:87,25
DA:88,2
DA:89,2
DA:90,2
DA:91,2
DA:92,1
DA:93,1
DA:94,1
DA:95,25
DA:96,25
DA:97,0
DA:98,0
DA:99,0
DA:100,0
DA:101,0
DA:102,0
DA:103,0
DA:104,25
DA:105,25
DA:106,1
DA:107,1
DA:108,1
DA:109,0
DA:110,0
DA:111,0
DA:112,25
DA:113,25
DA:114,0
DA:115,0
DA:116,0
DA:117,0
DA:118,0
DA:119,0
DA:120,25
DA:121,25
DA:122,25
DA:123,25
DA:124,25
DA:125,25
LF:125
LH:97
BRDA:6,0,0,25
BRDA:7,1,0,3
BRDA:10,2,0,1
BRDA:10,3,0,0
BRDA:15,4,0,1
BRDA:15,5,0,0
BRDA:20,6,0,1
BRDA:20,7,0,0
BRDA:35,8,0,8
BRDA:42,9,0,5
BRDA:43,10,0,3
BRDA:57,11,0,14
BRDA:63,12,0,13
BRDA:63,13,0,9
BRDA:64,14,0,5
BRDA:77,15,0,7
BRDA:83,16,0,5
BRDA:87,17,0,2
BRDA:92,18,0,1
BRDA:105,19,0,1
BRDA:109,20,0,0
BRF:21
BRH:17
end_of_record
TN:
SF:src\use_cases\role_usecase\create\create_role.ts
FN:5,<instance_members_initializer>
FN:8,CreateRoleUseCase
FN:12,execute
FNF:3
FNH:3
FNDA:8,<instance_members_initializer>
FNDA:8,CreateRoleUseCase
FNDA:9,execute
DA:1,1
DA:2,1
DA:3,1
DA:4,1
DA:5,1
DA:6,8
DA:7,8
DA:8,8
DA:9,8
DA:10,8
DA:11,8
DA:12,8
DA:13,9
DA:14,9
DA:15,9
DA:16,2
DA:17,2
DA:18,2
DA:19,2
DA:20,7
DA:21,7
DA:22,7
DA:23,7
DA:24,7
DA:25,7
DA:26,7
DA:27,9
DA:28,9
DA:29,9
DA:30,0
DA:31,0
DA:32,0
DA:33,0
DA:34,5
DA:35,5
DA:36,5
DA:37,5
DA:38,5
DA:39,5
DA:40,9
DA:41,0
DA:42,0
DA:43,0
DA:44,0
DA:45,9
DA:46,8
LF:46
LH:38
BRDA:5,0,0,8
BRDA:8,1,0,8
BRDA:12,2,0,9
BRDA:15,3,0,2
BRDA:20,4,0,7
BRDA:27,5,0,2
BRDA:29,6,0,0
BRDA:34,7,0,5
BRDA:40,8,0,0
BRF:9
BRH:7
end_of_record
TN:
SF:src\use_cases\role_usecase\delete\delete_role_by_id.ts
FN:4,<instance_members_initializer>
FNF:1
FNH:0
FNDA:0,<instance_members_initializer>
DA:1,1
DA:2,1
DA:3,1
DA:4,1
DA:5,0
DA:6,0
DA:7,0
DA:8,0
DA:9,0
DA:10,0
DA:11,0
DA:12,0
DA:13,0
DA:14,0
DA:15,0
DA:16,0
DA:17,0
DA:18,0
DA:19,0
DA:20,0
DA:21,0
DA:22,0
DA:23,0
DA:24,0
DA:25,0
DA:26,0
DA:27,0
DA:28,0
DA:29,0
DA:30,0
DA:31,0
DA:32,0
LF:32
LH:4
BRDA:4,0,0,0
BRF:1
BRH:0
end_of_record
TN:
SF:src\use_cases\role_usecase\read\get_all_roles.ts
FN:3,<instance_members_initializer>
FN:6,GetAllRolesUseCase
FN:10,execute
FNF:3
FNH:3
FNDA:2,<instance_members_initializer>
FNDA:2,GetAllRolesUseCase
FNDA:2,execute
DA:1,1
DA:2,1
DA:3,1
DA:4,2
DA:5,2
DA:6,2
DA:7,2
DA:8,2
DA:9,2
DA:10,2
DA:11,2
DA:12,2
DA:13,2
DA:14,2
DA:15,2
DA:16,0
DA:17,0
DA:18,2
DA:19,2
LF:19
LH:17
BRDA:3,0,0,2
BRDA:6,1,0,2
BRDA:10,2,0,2
BRDA:15,3,0,0
BRF:4
BRH:3
end_of_record
TN:
SF:src\use_cases\role_usecase\read\get_role_by_id.ts
FN:4,<instance_members_initializer>
FN:7,GetRoleByIdUseCase
FN:11,execute
FNF:3
FNH:3
FNDA:3,<instance_members_initializer>
FNDA:3,GetRoleByIdUseCase
FNDA:3,execute
DA:1,1
DA:2,1
DA:3,1
DA:4,1
DA:5,3
DA:6,3
DA:7,3
DA:8,3
DA:9,3
DA:10,3
DA:11,3
DA:12,3
DA:13,3
DA:14,3
DA:15,3
DA:16,3
DA:17,1
DA:18,1
DA:19,3
DA:20,0
DA:21,0
DA:22,3
DA:23,3
LF:23
LH:21
BRDA:4,0,0,3
BRDA:7,1,0,3
BRDA:11,2,0,3
BRDA:16,3,0,2
BRDA:17,4,0,1
BRDA:19,5,0,0
BRF:6
BRH:5
end_of_record
TN:
SF:src\use_cases\role_usecase\read\get_role_by_name.ts
FN:4,<instance_members_initializer>
FN:7,GetRoleByNameUseCase
FN:11,execute
FNF:3
FNH:3
FNDA:3,<instance_members_initializer>
FNDA:3,GetRoleByNameUseCase
FNDA:3,execute
DA:1,1
DA:2,1
DA:3,1
DA:4,1
DA:5,3
DA:6,3
DA:7,3
DA:8,3
DA:9,3
DA:10,3
DA:11,3
DA:12,3
DA:13,3
DA:14,3
DA:15,3
DA:16,3
DA:17,1
DA:18,1
DA:19,3
DA:20,0
DA:21,0
DA:22,3
DA:23,3
LF:23
LH:21
BRDA:4,0,0,3
BRDA:7,1,0,3
BRDA:11,2,0,3
BRDA:16,3,0,2
BRDA:17,4,0,1
BRDA:19,5,0,0
BRF:6
BRH:5
end_of_record
TN:
SF:src\use_cases\role_usecase\update\update_role_by_id.ts
FN:5,<instance_members_initializer>
FN:8,UpdateRoleByIdUseCase
FN:12,execute
FNF:3
FNH:3
FNDA:4,<instance_members_initializer>
FNDA:4,UpdateRoleByIdUseCase
FNDA:4,execute
DA:1,1
DA:2,1
DA:3,1
DA:4,1
DA:5,1
DA:6,4
DA:7,4
DA:8,4
DA:9,4
DA:10,4
DA:11,4
DA:12,4
DA:13,4
DA:14,4
DA:15,4
DA:16,1
DA:17,1
DA:18,1
DA:19,1
DA:20,3
DA:21,3
DA:22,3
DA:23,3
DA:24,3
DA:25,3
DA:26,3
DA:27,4
DA:28,4
DA:29,4
DA:30,0
DA:31,0
DA:32,0
DA:33,0
DA:34,2
DA:35,2
DA:36,2
DA:37,2
DA:38,2
DA:39,2
DA:40,2
DA:41,2
DA:42,0
DA:43,0
DA:44,0
DA:45,0
DA:46,2
DA:47,1
DA:48,1
DA:49,1
DA:50,1
DA:51,1
DA:52,4
DA:53,0
DA:54,0
DA:55,4
DA:56,4
LF:56
LH:46
BRDA:5,0,0,4
BRDA:8,1,0,4
BRDA:12,2,0,4
BRDA:15,3,0,1
BRDA:20,4,0,3
BRDA:27,5,0,1
BRDA:29,6,0,0
BRDA:34,7,0,2
BRDA:40,8,0,1
BRDA:41,9,0,0
BRDA:47,10,0,1
BRDA:52,11,0,0
BRF:12
BRH:9
end_of_record
